<?xml version="1.0" encoding="UTF-8"?>
<testsuites name="jest tests" tests="18" failures="0" errors="0" time="17.56">
  <testsuite name="aicoachService" errors="0" failures="0" skipped="0" timestamp="2025-10-28T09:30:52" time="2.214" tests="8">
    <testcase classname="aicoachService saveAiCoachData saves new conversation data" name="aicoachService saveAiCoachData saves new conversation data" time="0.009">
    </testcase>
    <testcase classname="aicoachService saveAiCoachData updates existing conversation if found" name="aicoachService saveAiCoachData updates existing conversation if found" time="0.001">
    </testcase>
    <testcase classname="aicoachService fetchAiCoachHistory fetches conversation history for user" name="aicoachService fetchAiCoachHistory fetches conversation history for user" time="0.002">
    </testcase>
    <testcase classname="aicoachService fetchAiCoachHistory sorts conversations by timestamp" name="aicoachService fetchAiCoachHistory sorts conversations by timestamp" time="0.007">
    </testcase>
    <testcase classname="aicoachService getAiCoachConversation returns conversation if found" name="aicoachService getAiCoachConversation returns conversation if found" time="0.002">
    </testcase>
    <testcase classname="aicoachService getAiCoachConversation returns null if conversation not found" name="aicoachService getAiCoachConversation returns null if conversation not found" time="0.001">
    </testcase>
    <testcase classname="aicoachService updateAiCoachConversation updates conversation data" name="aicoachService updateAiCoachConversation updates conversation data" time="0.001">
    </testcase>
    <testcase classname="aicoachService deleteAiCoachConversation deletes conversation" name="aicoachService deleteAiCoachConversation deletes conversation" time="0.001">
    </testcase>
  </testsuite>
  <testsuite name="promptParser" errors="0" failures="0" skipped="0" timestamp="2025-10-28T09:30:52" time="2.312" tests="7">
    <testcase classname="promptParser parses basic profile information" name="promptParser parses basic profile information" time="0.03">
    </testcase>
    <testcase classname="promptParser parses shorthand format with gender and age" name="promptParser parses shorthand format with gender and age" time="0.024">
    </testcase>
    <testcase classname="promptParser parses activity level and frequency" name="promptParser parses activity level and frequency" time="0.011">
    </testcase>
    <testcase classname="promptParser parses target weight and timeline" name="promptParser parses target weight and timeline" time="0.011">
    </testcase>
    <testcase classname="promptParser handles imperial units correctly" name="promptParser handles imperial units correctly" time="0.003">
    </testcase>
    <testcase classname="promptParser parses weight change goals" name="promptParser parses weight change goals" time="0.011">
    </testcase>
    <testcase classname="promptParser handles edge cases gracefully" name="promptParser handles edge cases gracefully" time="0.004">
    </testcase>
  </testsuite>
  <testsuite name="AIFitnessCoach" errors="0" failures="0" skipped="0" timestamp="2025-10-28T09:30:52" time="3.007" tests="1">
    <testcase classname="AIFitnessCoach renders without crashing" name="AIFitnessCoach renders without crashing" time="0.003">
    </testcase>
  </testsuite>
  <testsuite name="useAuth" errors="0" failures="0" skipped="0" timestamp="2025-10-28T09:30:52" time="3.122" tests="2">
    <testcase classname="useAuth initializes with default values" name="useAuth initializes with default values" time="0.03">
    </testcase>
    <testcase classname="useAuth handles user authentication state change" name="useAuth handles user authentication state change" time="0.076">
    </testcase>
  </testsuite>
</testsuites>