TN:
SF:src\App.js
FN:38,ScrollToTop
FN:41,(anonymous_1)
FN:49,(anonymous_2)
FN:58,(anonymous_3)
FN:61,(anonymous_4)
FN:79,(anonymous_5)
FN:88,(anonymous_6)
FN:94,(anonymous_7)
FN:95,(anonymous_8)
FN:99,(anonymous_9)
FN:99,(anonymous_10)
FN:99,(anonymous_11)
FN:118,(anonymous_12)
FN:139,App
FN:140,(anonymous_14)
FNF:15
FNH:0
FNDA:0,ScrollToTop
FNDA:0,(anonymous_1)
FNDA:0,(anonymous_2)
FNDA:0,(anonymous_3)
FNDA:0,(anonymous_4)
FNDA:0,(anonymous_5)
FNDA:0,(anonymous_6)
FNDA:0,(anonymous_7)
FNDA:0,(anonymous_8)
FNDA:0,(anonymous_9)
FNDA:0,(anonymous_10)
FNDA:0,(anonymous_11)
FNDA:0,(anonymous_12)
FNDA:0,App
FNDA:0,(anonymous_14)
DA:39,0
DA:41,0
DA:42,0
DA:45,0
DA:49,0
DA:50,0
DA:58,0
DA:59,0
DA:61,0
DA:62,0
DA:65,0
DA:66,0
DA:69,0
DA:71,0
DA:72,0
DA:75,0
DA:79,0
DA:80,0
DA:88,0
DA:89,0
DA:90,0
DA:91,0
DA:92,0
DA:94,0
DA:95,0
DA:96,0
DA:97,0
DA:98,0
DA:99,0
DA:100,0
DA:101,0
DA:102,0
DA:103,0
DA:105,0
DA:106,0
DA:109,0
DA:110,0
DA:113,0
DA:114,0
DA:116,0
DA:118,0
DA:121,0
DA:122,0
DA:127,0
DA:129,0
DA:130,0
DA:131,0
DA:134,0
DA:136,0
DA:140,0
DA:141,0
DA:144,0
LF:52
LH:0
BRDA:49,0,0,0
BRDA:65,1,0,0
BRDA:65,1,1,0
BRDA:71,2,0,0
BRDA:71,2,1,0
BRDA:97,3,0,0
BRDA:97,3,1,0
BRDA:100,4,0,0
BRDA:100,4,1,0
BRDA:100,5,0,0
BRDA:100,5,1,0
BRDA:100,5,2,0
BRDA:101,6,0,0
BRDA:101,6,1,0
BRDA:121,7,0,0
BRDA:121,7,1,0
BRDA:129,8,0,0
BRDA:129,8,1,0
BRDA:129,9,0,0
BRDA:129,9,1,0
BRF:20
BRH:0
end_of_record
TN:
SF:src\components\AdminDashboard.js
FN:20,(anonymous_0)
FN:30,(anonymous_1)
FN:31,(anonymous_2)
FN:42,(anonymous_3)
FN:72,(anonymous_4)
FN:99,(anonymous_5)
FN:104,(anonymous_6)
FN:111,(anonymous_7)
FN:119,(anonymous_8)
FN:129,(anonymous_9)
FN:134,(anonymous_10)
FN:137,(anonymous_11)
FN:148,(anonymous_12)
FN:152,(anonymous_13)
FN:164,(anonymous_14)
FN:168,(anonymous_15)
FN:219,(anonymous_16)
FN:278,(anonymous_17)
FN:280,(anonymous_18)
FNF:19
FNH:0
FNDA:0,(anonymous_0)
FNDA:0,(anonymous_1)
FNDA:0,(anonymous_2)
FNDA:0,(anonymous_3)
FNDA:0,(anonymous_4)
FNDA:0,(anonymous_5)
FNDA:0,(anonymous_6)
FNDA:0,(anonymous_7)
FNDA:0,(anonymous_8)
FNDA:0,(anonymous_9)
FNDA:0,(anonymous_10)
FNDA:0,(anonymous_11)
FNDA:0,(anonymous_12)
FNDA:0,(anonymous_13)
FNDA:0,(anonymous_14)
FNDA:0,(anonymous_15)
FNDA:0,(anonymous_16)
FNDA:0,(anonymous_17)
FNDA:0,(anonymous_18)
DA:10,0
DA:18,0
DA:20,0
DA:21,0
DA:22,0
DA:23,0
DA:24,0
DA:25,0
DA:26,0
DA:27,0
DA:30,0
DA:31,0
DA:36,0
DA:37,0
DA:42,0
DA:48,0
DA:51,0
DA:52,0
DA:53,0
DA:54,0
DA:55,0
DA:57,0
DA:58,0
DA:59,0
DA:60,0
DA:63,0
DA:64,0
DA:65,0
DA:67,0
DA:68,0
DA:69,0
DA:72,0
DA:79,0
DA:82,0
DA:83,0
DA:84,0
DA:86,0
DA:92,0
DA:95,0
DA:99,0
DA:101,0
DA:104,0
DA:105,0
DA:106,0
DA:109,0
DA:111,0
DA:112,0
DA:113,0
DA:119,0
DA:120,0
DA:121,0
DA:123,0
DA:126,0
DA:128,0
DA:129,0
DA:134,0
DA:137,0
DA:139,0
DA:140,0
DA:142,0
DA:144,0
DA:148,0
DA:149,0
DA:152,0
DA:153,0
DA:155,0
DA:156,0
DA:159,0
DA:165,0
DA:168,0
DA:219,0
DA:278,0
DA:281,0
LF:73
LH:0
BRDA:112,0,0,0
BRDA:112,0,1,0
BRDA:132,1,0,0
BRDA:132,1,1,0
BRDA:153,2,0,0
BRDA:153,2,1,0
BRDA:167,3,0,0
BRDA:167,3,1,0
BRDA:207,4,0,0
BRDA:207,4,1,0
BRDA:215,5,0,0
BRDA:215,5,1,0
BRDA:215,6,0,0
BRDA:215,6,1,0
BRF:14
BRH:0
end_of_record
TN:
SF:src\components\AuthGuard.js
FN:7,(anonymous_0)
FN:15,(anonymous_1)
FN:16,(anonymous_2)
FN:47,(anonymous_3)
FN:51,(anonymous_4)
FN:80,(anonymous_5)
FN:142,(anonymous_6)
FNF:7
FNH:0
FNDA:0,(anonymous_0)
FNDA:0,(anonymous_1)
FNDA:0,(anonymous_2)
FNDA:0,(anonymous_3)
FNDA:0,(anonymous_4)
FNDA:0,(anonymous_5)
FNDA:0,(anonymous_6)
DA:7,0
DA:8,0
DA:9,0
DA:10,0
DA:11,0
DA:12,0
DA:13,0
DA:15,0
DA:16,0
DA:17,0
DA:18,0
DA:20,0
DA:21,0
DA:24,0
DA:25,0
DA:26,0
DA:28,0
DA:29,0
DA:33,0
DA:34,0
DA:35,0
DA:38,0
DA:39,0
DA:40,0
DA:41,0
DA:43,0
DA:47,0
DA:51,0
DA:52,0
DA:53,0
DA:56,0
DA:57,0
DA:58,0
DA:60,0
DA:61,0
DA:62,0
DA:63,0
DA:65,0
DA:67,0
DA:68,0
DA:71,0
DA:72,0
DA:73,0
DA:80,0
DA:81,0
DA:83,0
DA:84,0
DA:85,0
DA:86,0
DA:89,0
DA:90,0
DA:91,0
DA:92,0
DA:94,0
DA:95,0
DA:97,0
DA:98,0
DA:99,0
DA:100,0
DA:101,0
DA:104,0
DA:105,0
DA:106,0
DA:109,0
DA:110,0
DA:113,0
DA:114,0
DA:119,0
DA:120,0
DA:121,0
DA:122,0
DA:125,0
DA:126,0
DA:127,0
DA:128,0
DA:129,0
DA:133,0
DA:134,0
DA:135,0
DA:136,0
DA:137,0
DA:142,0
DA:143,0
DA:144,0
DA:146,0
DA:147,0
DA:152,0
DA:153,0
DA:157,0
DA:158,0
DA:162,0
DA:163,0
DA:167,0
LF:93
LH:0
BRDA:7,0,0,0
BRDA:7,1,0,0
BRDA:18,2,0,0
BRDA:18,2,1,0
BRDA:52,3,0,0
BRDA:52,3,1,0
BRDA:52,4,0,0
BRDA:52,4,1,0
BRDA:52,4,2,0
BRDA:56,5,0,0
BRDA:56,5,1,0
BRDA:56,6,0,0
BRDA:56,6,1,0
BRDA:65,7,0,0
BRDA:65,7,1,0
BRDA:71,8,0,0
BRDA:71,8,1,0
BRDA:81,9,0,0
BRDA:81,9,1,0
BRDA:81,10,0,0
BRDA:81,10,1,0
BRDA:81,10,2,0
BRDA:90,11,0,0
BRDA:90,11,1,0
BRDA:97,12,0,0
BRDA:97,12,1,0
BRDA:97,13,0,0
BRDA:97,13,1,0
BRDA:119,14,0,0
BRDA:119,14,1,0
BRDA:119,15,0,0
BRDA:119,15,1,0
BRDA:119,15,2,0
BRDA:143,16,0,0
BRDA:143,16,1,0
BRDA:143,17,0,0
BRDA:143,17,1,0
BRDA:143,17,2,0
BRDA:143,17,3,0
BRDA:143,17,4,0
BRDA:146,18,0,0
BRDA:146,18,1,0
BRDA:152,19,0,0
BRDA:152,19,1,0
BRDA:157,20,0,0
BRDA:157,20,1,0
BRDA:157,21,0,0
BRDA:157,21,1,0
BRDA:162,22,0,0
BRDA:162,22,1,0
BRDA:162,23,0,0
BRDA:162,23,1,0
BRDA:162,23,2,0
BRDA:162,23,3,0
BRF:54
BRH:0
end_of_record
TN:
SF:src\components\BookingSlot.js
FN:4,(anonymous_0)
FN:5,(anonymous_1)
FN:16,(anonymous_2)
FN:22,(anonymous_3)
FNF:4
FNH:0
FNDA:0,(anonymous_0)
FNDA:0,(anonymous_1)
FNDA:0,(anonymous_2)
FNDA:0,(anonymous_3)
DA:4,0
DA:5,0
DA:6,0
DA:7,0
DA:8,0
DA:11,0
DA:12,0
DA:16,0
DA:17,0
DA:18,0
DA:19,0
DA:22,0
DA:23,0
DA:24,0
DA:25,0
DA:28,0
LF:16
LH:0
BRDA:6,0,0,0
BRDA:6,0,1,0
BRDA:11,1,0,0
BRDA:11,1,1,0
BRDA:11,2,0,0
BRDA:11,2,1,0
BRDA:17,3,0,0
BRDA:17,3,1,0
BRDA:18,4,0,0
BRDA:18,4,1,0
BRDA:23,5,0,0
BRDA:23,5,1,0
BRDA:24,6,0,0
BRDA:24,6,1,0
BRDA:29,7,0,0
BRDA:29,7,1,0
BRDA:29,8,0,0
BRDA:29,8,1,0
BRDA:34,9,0,0
BRDA:34,9,1,0
BRF:20
BRH:0
end_of_record
TN:
SF:src\components\CommentSection.js
FN:12,(anonymous_0)
FN:26,(anonymous_1)
FN:27,(anonymous_2)
FN:32,(anonymous_3)
FN:35,(anonymous_4)
FN:39,(anonymous_5)
FN:53,(anonymous_6)
FN:74,(anonymous_7)
FN:83,(anonymous_8)
FN:92,(anonymous_9)
FN:93,(anonymous_10)
FN:99,(anonymous_11)
FN:112,(anonymous_12)
FN:118,(anonymous_13)
FN:122,(anonymous_14)
FN:126,(anonymous_15)
FN:132,(anonymous_16)
FN:137,(anonymous_17)
FN:142,(anonymous_18)
FN:157,(anonymous_19)
FN:157,(anonymous_20)
FN:171,(anonymous_21)
FN:175,(anonymous_22)
FN:181,(anonymous_23)
FN:181,(anonymous_24)
FN:185,(anonymous_25)
FN:210,(anonymous_26)
FN:214,(anonymous_27)
FN:247,(anonymous_28)
FN:276,(anonymous_29)
FN:290,(anonymous_30)
FN:306,(anonymous_31)
FN:320,(anonymous_32)
FNF:33
FNH:0
FNDA:0,(anonymous_0)
FNDA:0,(anonymous_1)
FNDA:0,(anonymous_2)
FNDA:0,(anonymous_3)
FNDA:0,(anonymous_4)
FNDA:0,(anonymous_5)
FNDA:0,(anonymous_6)
FNDA:0,(anonymous_7)
FNDA:0,(anonymous_8)
FNDA:0,(anonymous_9)
FNDA:0,(anonymous_10)
FNDA:0,(anonymous_11)
FNDA:0,(anonymous_12)
FNDA:0,(anonymous_13)
FNDA:0,(anonymous_14)
FNDA:0,(anonymous_15)
FNDA:0,(anonymous_16)
FNDA:0,(anonymous_17)
FNDA:0,(anonymous_18)
FNDA:0,(anonymous_19)
FNDA:0,(anonymous_20)
FNDA:0,(anonymous_21)
FNDA:0,(anonymous_22)
FNDA:0,(anonymous_23)
FNDA:0,(anonymous_24)
FNDA:0,(anonymous_25)
FNDA:0,(anonymous_26)
FNDA:0,(anonymous_27)
FNDA:0,(anonymous_28)
FNDA:0,(anonymous_29)
FNDA:0,(anonymous_30)
FNDA:0,(anonymous_31)
FNDA:0,(anonymous_32)
DA:8,0
DA:10,0
DA:12,0
DA:13,0
DA:14,0
DA:15,0
DA:16,0
DA:17,0
DA:18,0
DA:19,0
DA:20,0
DA:21,0
DA:22,0
DA:23,0
DA:24,0
DA:26,0
DA:27,0
DA:28,0
DA:31,0
DA:32,0
DA:35,0
DA:36,0
DA:39,0
DA:40,0
DA:41,0
DA:42,0
DA:43,0
DA:44,0
DA:46,0
DA:47,0
DA:49,0
DA:53,0
DA:54,0
DA:55,0
DA:56,0
DA:59,0
DA:61,0
DA:62,0
DA:63,0
DA:70,0
DA:71,0
DA:72,0
DA:73,0
DA:74,0
DA:77,0
DA:79,0
DA:83,0
DA:84,0
DA:85,0
DA:86,0
DA:89,0
DA:90,0
DA:91,0
DA:92,0
DA:93,0
DA:94,0
DA:99,0
DA:107,0
DA:108,0
DA:112,0
DA:113,0
DA:114,0
DA:118,0
DA:119,0
DA:122,0
DA:123,0
DA:124,0
DA:126,0
DA:132,0
DA:133,0
DA:134,0
DA:137,0
DA:138,0
DA:139,0
DA:140,0
DA:141,0
DA:142,0
DA:143,0
DA:145,0
DA:148,0
DA:157,0
DA:158,0
DA:159,0
DA:164,0
DA:167,0
DA:168,0
DA:171,0
DA:172,0
DA:173,0
DA:174,0
DA:175,0
DA:176,0
DA:178,0
DA:181,0
DA:182,0
DA:183,0
DA:186,0
DA:187,0
DA:188,0
DA:194,0
DA:198,0
DA:199,0
DA:200,0
DA:206,0
DA:210,0
DA:211,0
DA:214,0
DA:215,0
DA:216,0
DA:218,0
DA:220,0
DA:221,0
DA:224,0
DA:225,0
DA:226,0
DA:229,0
DA:230,0
DA:234,0
DA:235,0
DA:239,0
DA:241,0
DA:242,0
DA:247,0
DA:248,0
DA:249,0
DA:250,0
DA:254,0
DA:259,0
DA:261,0
DA:262,0
DA:265,0
DA:266,0
DA:269,0
DA:276,0
DA:291,0
DA:306,0
DA:320,0
LF:137
LH:0
BRDA:54,0,0,0
BRDA:54,0,1,0
BRDA:59,1,0,0
BRDA:59,1,1,0
BRDA:66,2,0,0
BRDA:66,2,1,0
BRDA:70,3,0,0
BRDA:70,3,1,0
BRDA:84,4,0,0
BRDA:84,4,1,0
BRDA:91,5,0,0
BRDA:91,5,1,0
BRDA:94,6,0,0
BRDA:94,6,1,0
BRDA:97,7,0,0
BRDA:97,7,1,0
BRDA:98,8,0,0
BRDA:98,8,1,0
BRDA:99,9,0,0
BRDA:99,9,1,0
BRDA:113,10,0,0
BRDA:113,10,1,0
BRDA:123,11,0,0
BRDA:123,11,1,0
BRDA:133,12,0,0
BRDA:133,12,1,0
BRDA:134,13,0,0
BRDA:134,13,1,0
BRDA:134,14,0,0
BRDA:134,14,1,0
BRDA:138,15,0,0
BRDA:138,15,1,0
BRDA:139,16,0,0
BRDA:139,16,1,0
BRDA:150,17,0,0
BRDA:150,17,1,0
BRDA:158,18,0,0
BRDA:158,18,1,0
BRDA:161,19,0,0
BRDA:161,19,1,0
BRDA:171,20,0,0
BRDA:171,21,0,0
BRDA:172,22,0,0
BRDA:172,22,1,0
BRDA:182,23,0,0
BRDA:182,23,1,0
BRDA:182,24,0,0
BRDA:182,24,1,0
BRDA:186,25,0,0
BRDA:186,25,1,0
BRDA:187,26,0,0
BRDA:187,26,1,0
BRDA:190,27,0,0
BRDA:190,27,1,0
BRDA:198,28,0,0
BRDA:198,28,1,0
BRDA:198,29,0,0
BRDA:198,29,1,0
BRDA:199,30,0,0
BRDA:199,30,1,0
BRDA:202,31,0,0
BRDA:202,31,1,0
BRDA:215,32,0,0
BRDA:215,32,1,0
BRDA:218,33,0,0
BRDA:218,33,1,0
BRDA:220,34,0,0
BRDA:220,34,1,0
BRDA:229,35,0,0
BRDA:229,35,1,0
BRDA:234,36,0,0
BRDA:234,36,1,0
BRDA:248,37,0,0
BRDA:248,37,1,0
BRDA:249,38,0,0
BRDA:249,38,1,0
BRDA:254,39,0,0
BRDA:254,39,1,0
BRDA:261,40,0,0
BRDA:261,40,1,0
BRDA:265,41,0,0
BRDA:265,41,1,0
BRDA:282,42,0,0
BRDA:282,42,1,0
BRDA:285,43,0,0
BRDA:285,43,1,0
BRDA:293,44,0,0
BRDA:293,44,1,0
BRDA:305,45,0,0
BRDA:305,45,1,0
BRDA:309,46,0,0
BRDA:309,46,1,0
BRDA:316,47,0,0
BRDA:316,47,1,0
BRDA:322,48,0,0
BRDA:322,48,1,0
BRDA:328,49,0,0
BRDA:328,49,1,0
BRDA:337,50,0,0
BRDA:337,50,1,0
BRF:100
BRH:0
end_of_record
TN:
SF:src\components\CommunityPreview.js
FN:20,(anonymous_0)
FN:31,(anonymous_1)
FN:32,(anonymous_2)
FN:48,(anonymous_3)
FN:65,(anonymous_4)
FN:72,(anonymous_5)
FN:79,(anonymous_6)
FN:83,(anonymous_7)
FN:91,(anonymous_8)
FN:95,(anonymous_9)
FN:159,(anonymous_10)
FN:196,(anonymous_11)
FN:272,(anonymous_12)
FN:284,(anonymous_13)
FN:287,(anonymous_14)
FN:290,(anonymous_15)
FN:293,(anonymous_16)
FN:296,(anonymous_17)
FN:333,(anonymous_18)
FNF:19
FNH:0
FNDA:0,(anonymous_0)
FNDA:0,(anonymous_1)
FNDA:0,(anonymous_2)
FNDA:0,(anonymous_3)
FNDA:0,(anonymous_4)
FNDA:0,(anonymous_5)
FNDA:0,(anonymous_6)
FNDA:0,(anonymous_7)
FNDA:0,(anonymous_8)
FNDA:0,(anonymous_9)
FNDA:0,(anonymous_10)
FNDA:0,(anonymous_11)
FNDA:0,(anonymous_12)
FNDA:0,(anonymous_13)
FNDA:0,(anonymous_14)
FNDA:0,(anonymous_15)
FNDA:0,(anonymous_16)
FNDA:0,(anonymous_17)
FNDA:0,(anonymous_18)
DA:20,0
DA:21,0
DA:22,0
DA:23,0
DA:24,0
DA:25,0
DA:26,0
DA:27,0
DA:28,0
DA:29,0
DA:31,0
DA:32,0
DA:33,0
DA:34,0
DA:36,0
DA:38,0
DA:40,0
DA:44,0
DA:48,0
DA:49,0
DA:51,0
DA:52,0
DA:53,0
DA:54,0
DA:55,0
DA:56,0
DA:58,0
DA:59,0
DA:60,0
DA:61,0
DA:62,0
DA:65,0
DA:66,0
DA:67,0
DA:68,0
DA:71,0
DA:72,0
DA:73,0
DA:75,0
DA:79,0
DA:80,0
DA:83,0
DA:84,0
DA:85,0
DA:86,0
DA:87,0
DA:91,0
DA:92,0
DA:95,0
DA:96,0
DA:98,0
DA:99,0
DA:100,0
DA:103,0
DA:104,0
DA:106,0
DA:107,0
DA:108,0
DA:110,0
DA:111,0
DA:112,0
DA:114,0
DA:115,0
DA:116,0
DA:118,0
DA:119,0
DA:120,0
DA:122,0
DA:123,0
DA:124,0
DA:125,0
DA:127,0
DA:129,0
DA:131,0
DA:135,0
DA:137,0
DA:138,0
DA:140,0
DA:141,0
DA:143,0
DA:144,0
DA:146,0
DA:147,0
DA:149,0
DA:150,0
DA:151,0
DA:153,0
DA:155,0
DA:159,0
DA:160,0
DA:161,0
DA:162,0
DA:165,0
DA:166,0
DA:167,0
DA:170,0
DA:172,0
DA:173,0
DA:181,0
DA:182,0
DA:184,0
DA:193,0
DA:196,0
DA:199,0
DA:200,0
DA:201,0
DA:202,0
DA:205,0
DA:206,0
DA:208,0
DA:212,0
DA:272,0
DA:284,0
DA:287,0
DA:290,0
DA:293,0
DA:296,0
DA:334,0
LF:118
LH:0
BRDA:49,0,0,0
BRDA:49,0,1,0
BRDA:51,1,0,0
BRDA:51,1,1,0
BRDA:58,2,0,0
BRDA:58,2,1,0
BRDA:59,3,0,0
BRDA:59,3,1,0
BRDA:60,4,0,0
BRDA:60,4,1,0
BRDA:61,5,0,0
BRDA:61,5,1,0
BRDA:67,6,0,0
BRDA:67,6,1,0
BRDA:86,7,0,0
BRDA:86,7,1,0
BRDA:96,8,0,0
BRDA:96,8,1,0
BRDA:103,9,0,0
BRDA:103,9,1,0
BRDA:104,10,0,0
BRDA:104,10,1,0
BRDA:104,10,2,0
BRDA:104,10,3,0
BRDA:104,10,4,0
BRDA:104,10,5,0
BRDA:123,11,0,0
BRDA:123,11,1,0
BRDA:135,12,0,0
BRDA:135,12,1,0
BRDA:135,12,2,0
BRDA:135,12,3,0
BRDA:135,12,4,0
BRDA:135,12,5,0
BRDA:150,13,0,0
BRDA:150,13,1,0
BRDA:160,14,0,0
BRDA:160,14,1,0
BRDA:165,15,0,0
BRDA:165,15,1,0
BRDA:165,16,0,0
BRDA:165,16,1,0
BRDA:176,17,0,0
BRDA:176,17,1,0
BRDA:177,18,0,0
BRDA:177,18,1,0
BRDA:178,19,0,0
BRDA:178,19,1,0
BRDA:182,20,0,0
BRDA:182,20,1,0
BRDA:224,21,0,0
BRDA:224,21,1,0
BRDA:227,22,0,0
BRDA:227,22,1,0
BRDA:230,23,0,0
BRDA:230,23,1,0
BRDA:231,24,0,0
BRDA:231,24,1,0
BRDA:234,25,0,0
BRDA:234,25,1,0
BRDA:234,25,2,0
BRDA:259,26,0,0
BRDA:259,26,1,0
BRDA:260,27,0,0
BRDA:260,27,1,0
BRDA:263,28,0,0
BRDA:263,28,1,0
BRDA:263,28,2,0
BRDA:266,29,0,0
BRDA:266,29,1,0
BRDA:276,30,0,0
BRDA:276,30,1,0
BRDA:317,31,0,0
BRDA:317,31,1,0
BRDA:317,31,2,0
BRDA:319,32,0,0
BRDA:319,32,1,0
BRDA:329,33,0,0
BRDA:329,33,1,0
BRDA:331,34,0,0
BRDA:331,34,1,0
BRDA:337,35,0,0
BRDA:337,35,1,0
BRDA:347,36,0,0
BRDA:347,36,1,0
BRDA:350,37,0,0
BRDA:350,37,1,0
BRDA:356,38,0,0
BRDA:356,38,1,0
BRDA:357,39,0,0
BRDA:357,39,1,0
BRF:91
BRH:0
end_of_record
TN:
SF:src\components\CountryCodeSelector.js
FN:5,(anonymous_0)
FN:18,(anonymous_1)
FN:21,(anonymous_2)
FN:32,(anonymous_3)
FN:33,(anonymous_4)
FN:40,(anonymous_5)
FN:46,(anonymous_6)
FN:66,(anonymous_7)
FN:70,(anonymous_8)
FNF:9
FNH:0
FNDA:0,(anonymous_0)
FNDA:0,(anonymous_1)
FNDA:0,(anonymous_2)
FNDA:0,(anonymous_3)
FNDA:0,(anonymous_4)
FNDA:0,(anonymous_5)
FNDA:0,(anonymous_6)
FNDA:0,(anonymous_7)
FNDA:0,(anonymous_8)
DA:5,0
DA:13,0
DA:14,0
DA:15,0
DA:18,0
DA:19,0
DA:21,0
DA:22,0
DA:23,0
DA:24,0
DA:25,0
DA:27,0
DA:32,0
DA:33,0
DA:34,0
DA:35,0
DA:36,0
DA:40,0
DA:41,0
DA:42,0
DA:43,0
DA:46,0
DA:47,0
DA:48,0
DA:51,0
DA:52,0
DA:55,0
DA:56,0
DA:60,0
DA:66,0
DA:71,0
LF:31
LH:0
BRDA:6,0,0,0
BRDA:9,1,0,0
BRDA:10,2,0,0
BRDA:11,3,0,0
BRDA:19,4,0,0
BRDA:19,4,1,0
BRDA:22,5,0,0
BRDA:22,5,1,0
BRDA:34,6,0,0
BRDA:34,6,1,0
BRDA:51,7,0,0
BRDA:51,7,1,0
BRDA:55,8,0,0
BRDA:55,8,1,0
BRDA:82,9,0,0
BRDA:82,9,1,0
BRDA:87,10,0,0
BRDA:87,10,1,0
BRDA:87,10,2,0
BRF:19
BRH:0
end_of_record
TN:
SF:src\components\DebugRedirect.js
FN:5,(anonymous_0)
FN:10,(anonymous_1)
FN:44,(anonymous_2)
FN:50,(anonymous_3)
FN:56,(anonymous_4)
FNF:5
FNH:0
FNDA:0,(anonymous_0)
FNDA:0,(anonymous_1)
FNDA:0,(anonymous_2)
FNDA:0,(anonymous_3)
FNDA:0,(anonymous_4)
DA:5,0
DA:6,0
DA:7,0
DA:8,0
DA:10,0
DA:11,0
DA:12,0
DA:13,0
DA:14,0
DA:15,0
DA:16,0
DA:19,0
DA:44,0
DA:50,0
DA:56,0
LF:15
LH:0
BRDA:29,0,0,0
BRDA:29,0,1,0
BRDA:32,1,0,0
BRDA:32,1,1,0
BRDA:35,2,0,0
BRDA:35,2,1,0
BRF:6
BRH:0
end_of_record
TN:
SF:src\components\ExpertApplicationForm.js
FN:6,(anonymous_0)
FN:21,(anonymous_1)
FN:23,(anonymous_2)
FN:29,(anonymous_3)
FNF:4
FNH:0
FNDA:0,(anonymous_0)
FNDA:0,(anonymous_1)
FNDA:0,(anonymous_2)
FNDA:0,(anonymous_3)
DA:6,0
DA:7,0
DA:18,0
DA:19,0
DA:21,0
DA:22,0
DA:23,0
DA:29,0
DA:30,0
DA:31,0
DA:33,0
DA:35,0
DA:41,0
DA:42,0
DA:44,0
DA:50,0
DA:61,0
DA:66,0
DA:70,0
LF:19
LH:0
BRDA:62,0,0,0
BRDA:62,0,1,0
BRDA:75,1,0,0
BRDA:75,1,1,0
BRDA:191,2,0,0
BRDA:191,2,1,0
BRF:6
BRH:0
end_of_record
TN:
SF:src\components\ExpertCard.js
FN:7,(anonymous_0)
FN:18,(anonymous_1)
FN:19,(anonymous_2)
FNF:3
FNH:0
FNDA:0,(anonymous_0)
FNDA:0,(anonymous_1)
FNDA:0,(anonymous_2)
DA:7,0
DA:8,0
DA:9,0
DA:10,0
DA:13,0
DA:15,0
DA:18,0
DA:19,0
LF:8
LH:0
BRDA:10,0,0,0
BRDA:10,0,1,0
BRDA:22,1,0,0
BRDA:22,1,1,0
BRDA:28,2,0,0
BRDA:28,2,1,0
BRDA:37,3,0,0
BRDA:37,3,1,0
BRDA:39,4,0,0
BRDA:39,4,1,0
BRDA:43,5,0,0
BRDA:43,5,1,0
BRDA:50,6,0,0
BRDA:50,6,1,0
BRF:14
BRH:0
end_of_record
TN:
SF:src\components\ExpertDetails.js
FN:4,(anonymous_0)
FN:8,(anonymous_1)
FN:34,(anonymous_2)
FN:40,(anonymous_3)
FN:46,(anonymous_4)
FN:52,(anonymous_5)
FN:58,(anonymous_6)
FN:135,(anonymous_7)
FN:192,(anonymous_8)
FN:193,(anonymous_9)
FN:217,(anonymous_10)
FN:252,(anonymous_11)
FNF:12
FNH:0
FNDA:0,(anonymous_0)
FNDA:0,(anonymous_1)
FNDA:0,(anonymous_2)
FNDA:0,(anonymous_3)
FNDA:0,(anonymous_4)
FNDA:0,(anonymous_5)
FNDA:0,(anonymous_6)
FNDA:0,(anonymous_7)
FNDA:0,(anonymous_8)
FNDA:0,(anonymous_9)
FNDA:0,(anonymous_10)
FNDA:0,(anonymous_11)
DA:4,0
DA:5,0
DA:8,0
DA:9,0
DA:10,0
DA:13,0
DA:34,0
DA:40,0
DA:46,0
DA:52,0
DA:58,0
DA:136,0
DA:193,0
DA:194,0
DA:198,0
DA:218,0
DA:253,0
LF:17
LH:0
BRDA:9,0,0,0
BRDA:9,0,1,0
BRDA:18,1,0,0
BRDA:18,1,1,0
BRDA:23,2,0,0
BRDA:23,2,1,0
BRDA:33,3,0,0
BRDA:33,3,1,0
BRDA:39,4,0,0
BRDA:39,4,1,0
BRDA:45,5,0,0
BRDA:45,5,1,0
BRDA:51,6,0,0
BRDA:51,6,1,0
BRDA:57,7,0,0
BRDA:57,7,1,0
BRDA:65,8,0,0
BRDA:65,8,1,0
BRDA:81,9,0,0
BRDA:81,9,1,0
BRDA:85,10,0,0
BRDA:85,10,1,0
BRDA:87,11,0,0
BRDA:87,11,1,0
BRDA:93,12,0,0
BRDA:93,12,1,0
BRDA:96,13,0,0
BRDA:96,13,1,0
BRDA:101,14,0,0
BRDA:101,14,1,0
BRDA:107,15,0,0
BRDA:107,15,1,0
BRDA:111,16,0,0
BRDA:111,16,1,0
BRDA:115,17,0,0
BRDA:115,17,1,0
BRDA:119,18,0,0
BRDA:119,18,1,0
BRDA:123,19,0,0
BRDA:123,19,1,0
BRDA:129,20,0,0
BRDA:129,20,1,0
BRDA:133,21,0,0
BRDA:133,21,1,0
BRDA:133,22,0,0
BRDA:133,22,1,0
BRDA:139,23,0,0
BRDA:139,23,1,0
BRDA:142,24,0,0
BRDA:142,24,1,0
BRDA:143,25,0,0
BRDA:143,25,1,0
BRDA:155,26,0,0
BRDA:155,26,1,0
BRDA:157,27,0,0
BRDA:157,27,1,0
BRDA:174,28,0,0
BRDA:174,28,1,0
BRDA:178,29,0,0
BRDA:178,29,1,0
BRDA:178,30,0,0
BRDA:178,30,1,0
BRDA:182,31,0,0
BRDA:182,31,1,0
BRDA:183,32,0,0
BRDA:183,32,1,0
BRDA:194,33,0,0
BRDA:194,33,1,0
BRDA:217,34,0,0
BRDA:217,34,1,0
BRDA:221,35,0,0
BRDA:221,35,1,0
BRDA:229,36,0,0
BRDA:229,36,1,0
BRDA:246,37,0,0
BRDA:246,37,1,0
BRDA:250,38,0,0
BRDA:250,38,1,0
BRDA:250,39,0,0
BRDA:250,39,1,0
BRDA:253,40,0,0
BRDA:253,40,1,0
BRDA:254,41,0,0
BRDA:254,41,1,0
BRDA:277,42,0,0
BRDA:277,42,1,0
BRF:86
BRH:0
end_of_record
TN:
SF:src\components\ExpertRegistrationForm.js
FN:6,(anonymous_0)
FN:23,(anonymous_1)
FN:25,(anonymous_2)
FN:31,(anonymous_3)
FN:60,(anonymous_4)
FNF:5
FNH:0
FNDA:0,(anonymous_0)
FNDA:0,(anonymous_1)
FNDA:0,(anonymous_2)
FNDA:0,(anonymous_3)
FNDA:0,(anonymous_4)
DA:6,0
DA:7,0
DA:8,0
DA:20,0
DA:21,0
DA:23,0
DA:24,0
DA:25,0
DA:31,0
DA:32,0
DA:33,0
DA:36,0
DA:37,0
DA:38,0
DA:39,0
DA:42,0
DA:43,0
DA:44,0
DA:47,0
DA:60,0
DA:61,0
DA:64,0
DA:66,0
DA:70,0
LF:24
LH:0
BRDA:36,0,0,0
BRDA:36,0,1,0
BRDA:64,1,0,0
BRDA:64,1,1,0
BRDA:75,2,0,0
BRDA:75,2,1,0
BRDA:78,3,0,0
BRDA:78,3,1,0
BRDA:209,4,0,0
BRDA:209,4,1,0
BRF:10
BRH:0
end_of_record
TN:
SF:src\components\GoalDetailsForm.js
FNF:0
FNH:0
LF:0
LH:0
BRF:0
BRH:0
end_of_record
TN:
SF:src\components\GoalProfileForm.js
FNF:0
FNH:0
LF:0
LH:0
BRF:0
BRH:0
end_of_record
TN:
SF:src\components\GoogleCalendarAuth.js
FN:4,(anonymous_0)
FN:8,(anonymous_1)
FN:12,(anonymous_2)
FN:27,(anonymous_3)
FN:40,(anonymous_4)
FNF:5
FNH:0
FNDA:0,(anonymous_0)
FNDA:0,(anonymous_1)
FNDA:0,(anonymous_2)
FNDA:0,(anonymous_3)
FNDA:0,(anonymous_4)
DA:4,0
DA:5,0
DA:6,0
DA:8,0
DA:9,0
DA:12,0
DA:13,0
DA:14,0
DA:15,0
DA:16,0
DA:17,0
DA:18,0
DA:21,0
DA:23,0
DA:27,0
DA:28,0
DA:29,0
DA:30,0
DA:31,0
DA:32,0
DA:34,0
DA:36,0
DA:40,0
DA:41,0
DA:42,0
DA:43,0
DA:44,0
DA:46,0
DA:48,0
DA:52,0
DA:53,0
DA:56,0
LF:32
LH:0
BRDA:17,0,0,0
BRDA:17,0,1,0
BRDA:17,1,0,0
BRDA:17,1,1,0
BRDA:32,2,0,0
BRDA:32,2,1,0
BRDA:52,3,0,0
BRDA:52,3,1,0
BRDA:58,4,0,0
BRDA:58,4,1,0
BRF:10
BRH:0
end_of_record
TN:
SF:src\components\LikesStatistics.js
FN:4,(anonymous_0)
FN:6,(anonymous_1)
FN:9,(anonymous_2)
FN:25,(anonymous_3)
FNF:4
FNH:0
FNDA:0,(anonymous_0)
FNDA:0,(anonymous_1)
FNDA:0,(anonymous_2)
FNDA:0,(anonymous_3)
DA:4,0
DA:6,0
DA:9,0
DA:10,0
DA:12,0
DA:26,0
LF:6
LH:0
BRDA:6,0,0,0
BRDA:6,0,1,0
BRDA:6,1,0,0
BRDA:6,1,1,0
BRDA:9,2,0,0
BRDA:9,2,1,0
BRDA:9,3,0,0
BRDA:9,3,1,0
BRDA:9,4,0,0
BRDA:9,4,1,0
BRDA:22,5,0,0
BRDA:22,5,1,0
BRDA:34,6,0,0
BRDA:34,6,1,0
BRF:14
BRH:0
end_of_record
TN:
SF:src\components\LoadingSpinner.js
FN:4,(anonymous_0)
FNF:1
FNH:0
FNDA:0,(anonymous_0)
DA:4,0
DA:5,0
LF:2
LH:0
BRDA:4,0,0,0
BRF:1
BRH:0
end_of_record
TN:
SF:src\components\Navbar.js
FN:13,(anonymous_0)
FN:30,(anonymous_1)
FN:31,(anonymous_2)
FN:40,(anonymous_3)
FN:44,(anonymous_4)
FN:45,(anonymous_5)
FN:70,(anonymous_6)
FN:75,(anonymous_7)
FN:83,(anonymous_8)
FN:89,(anonymous_9)
FN:118,(anonymous_10)
FN:139,(anonymous_11)
FN:181,(anonymous_12)
FN:182,(anonymous_13)
FN:190,(anonymous_14)
FN:191,(anonymous_15)
FN:199,(anonymous_16)
FN:200,(anonymous_17)
FN:208,(anonymous_18)
FN:209,(anonymous_19)
FN:218,(anonymous_20)
FN:219,(anonymous_21)
FN:233,(anonymous_22)
FN:234,(anonymous_23)
FN:241,(anonymous_24)
FN:242,(anonymous_25)
FN:257,(anonymous_26)
FNF:27
FNH:0
FNDA:0,(anonymous_0)
FNDA:0,(anonymous_1)
FNDA:0,(anonymous_2)
FNDA:0,(anonymous_3)
FNDA:0,(anonymous_4)
FNDA:0,(anonymous_5)
FNDA:0,(anonymous_6)
FNDA:0,(anonymous_7)
FNDA:0,(anonymous_8)
FNDA:0,(anonymous_9)
FNDA:0,(anonymous_10)
FNDA:0,(anonymous_11)
FNDA:0,(anonymous_12)
FNDA:0,(anonymous_13)
FNDA:0,(anonymous_14)
FNDA:0,(anonymous_15)
FNDA:0,(anonymous_16)
FNDA:0,(anonymous_17)
FNDA:0,(anonymous_18)
FNDA:0,(anonymous_19)
FNDA:0,(anonymous_20)
FNDA:0,(anonymous_21)
FNDA:0,(anonymous_22)
FNDA:0,(anonymous_23)
FNDA:0,(anonymous_24)
FNDA:0,(anonymous_25)
FNDA:0,(anonymous_26)
DA:13,0
DA:15,0
DA:16,0
DA:17,0
DA:18,0
DA:19,0
DA:20,0
DA:23,0
DA:30,0
DA:31,0
DA:32,0
DA:33,0
DA:35,0
DA:39,0
DA:40,0
DA:44,0
DA:45,0
DA:46,0
DA:47,0
DA:49,0
DA:50,0
DA:51,0
DA:52,0
DA:54,0
DA:55,0
DA:59,0
DA:60,0
DA:63,0
DA:67,0
DA:70,0
DA:71,0
DA:72,0
DA:75,0
DA:76,0
DA:77,0
DA:78,0
DA:80,0
DA:83,0
DA:84,0
DA:85,0
DA:89,0
DA:90,0
DA:92,0
DA:95,0
DA:97,0
DA:98,0
DA:99,0
DA:101,0
DA:103,0
DA:104,0
DA:105,0
DA:109,0
DA:111,0
DA:112,0
DA:113,0
DA:118,0
DA:119,0
DA:123,0
DA:124,0
DA:139,0
DA:156,0
DA:181,0
DA:182,0
DA:190,0
DA:191,0
DA:199,0
DA:200,0
DA:208,0
DA:209,0
DA:218,0
DA:219,0
DA:233,0
DA:234,0
DA:241,0
DA:242,0
DA:257,0
LF:76
LH:0
BRDA:25,0,0,0
BRDA:25,0,1,0
BRDA:32,1,0,0
BRDA:32,1,1,0
BRDA:46,2,0,0
BRDA:46,2,1,0
BRDA:46,3,0,0
BRDA:46,3,1,0
BRDA:50,4,0,0
BRDA:50,4,1,0
BRDA:51,5,0,0
BRDA:51,5,1,0
BRDA:54,6,0,0
BRDA:54,6,1,0
BRDA:54,7,0,0
BRDA:54,7,1,0
BRDA:54,7,2,0
BRDA:76,8,0,0
BRDA:76,8,1,0
BRDA:77,9,0,0
BRDA:77,9,1,0
BRDA:97,10,0,0
BRDA:97,10,1,0
BRDA:103,11,0,0
BRDA:103,11,1,0
BRDA:111,12,0,0
BRDA:111,12,1,0
BRDA:123,13,0,0
BRDA:123,13,1,0
BRDA:123,14,0,0
BRDA:123,14,1,0
BRDA:123,14,2,0
BRDA:125,15,0,0
BRDA:125,15,1,0
BRDA:139,16,0,0
BRDA:139,16,1,0
BRDA:157,17,0,0
BRDA:157,17,1,0
BRDA:168,18,0,0
BRDA:168,18,1,0
BRDA:177,19,0,0
BRDA:177,19,1,0
BRDA:181,20,0,0
BRDA:181,20,1,0
BRDA:190,21,0,0
BRDA:190,21,1,0
BRDA:199,22,0,0
BRDA:199,22,1,0
BRDA:208,23,0,0
BRDA:208,23,1,0
BRDA:217,24,0,0
BRDA:217,24,1,0
BRDA:218,25,0,0
BRDA:218,25,1,0
BRDA:225,26,0,0
BRDA:225,26,1,0
BRDA:227,27,0,0
BRDA:227,27,1,0
BRDA:227,28,0,0
BRDA:227,28,1,0
BRDA:230,29,0,0
BRDA:230,29,1,0
BRDA:233,30,0,0
BRDA:233,30,1,0
BRDA:241,31,0,0
BRDA:241,31,1,0
BRF:66
BRH:0
end_of_record
TN:
SF:src\components\PhoneNumberInput.js
FN:7,(anonymous_0)
FN:33,(anonymous_1)
FN:40,(anonymous_2)
FN:55,(anonymous_3)
FN:63,(anonymous_4)
FN:64,(anonymous_5)
FN:80,(anonymous_6)
FN:161,(anonymous_7)
FN:214,(anonymous_8)
FN:236,(anonymous_9)
FN:286,(anonymous_10)
FN:341,(anonymous_11)
FN:379,(anonymous_12)
FNF:13
FNH:0
FNDA:0,(anonymous_0)
FNDA:0,(anonymous_1)
FNDA:0,(anonymous_2)
FNDA:0,(anonymous_3)
FNDA:0,(anonymous_4)
FNDA:0,(anonymous_5)
FNDA:0,(anonymous_6)
FNDA:0,(anonymous_7)
FNDA:0,(anonymous_8)
FNDA:0,(anonymous_9)
FNDA:0,(anonymous_10)
FNDA:0,(anonymous_11)
FNDA:0,(anonymous_12)
DA:7,0
DA:20,0
DA:21,0
DA:22,0
DA:23,0
DA:24,0
DA:25,0
DA:26,0
DA:27,0
DA:28,0
DA:29,0
DA:30,0
DA:33,0
DA:34,0
DA:35,0
DA:40,0
DA:42,0
DA:43,0
DA:44,0
DA:45,0
DA:46,0
DA:55,0
DA:56,0
DA:57,0
DA:58,0
DA:63,0
DA:64,0
DA:66,0
DA:67,0
DA:68,0
DA:69,0
DA:71,0
DA:72,0
DA:75,0
DA:80,0
DA:82,0
DA:83,0
DA:86,0
DA:89,0
DA:90,0
DA:91,0
DA:92,0
DA:93,0
DA:94,0
DA:95,0
DA:99,0
DA:100,0
DA:104,0
DA:105,0
DA:107,0
DA:109,0
DA:111,0
DA:113,0
DA:114,0
DA:115,0
DA:117,0
DA:118,0
DA:121,0
DA:122,0
DA:123,0
DA:124,0
DA:125,0
DA:127,0
DA:131,0
DA:132,0
DA:137,0
DA:138,0
DA:141,0
DA:142,0
DA:145,0
DA:146,0
DA:153,0
DA:154,0
DA:161,0
DA:162,0
DA:163,0
DA:164,0
DA:168,0
DA:169,0
DA:170,0
DA:171,0
DA:172,0
DA:173,0
DA:176,0
DA:177,0
DA:179,0
DA:181,0
DA:184,0
DA:187,0
DA:188,0
DA:191,0
DA:192,0
DA:196,0
DA:197,0
DA:198,0
DA:200,0
DA:201,0
DA:202,0
DA:203,0
DA:204,0
DA:207,0
DA:208,0
DA:209,0
DA:214,0
DA:216,0
DA:217,0
DA:218,0
DA:219,0
DA:220,0
DA:222,0
DA:225,0
DA:226,0
DA:227,0
DA:230,0
DA:232,0
DA:236,0
DA:237,0
DA:238,0
DA:239,0
DA:242,0
DA:243,0
DA:245,0
DA:248,0
DA:249,0
DA:251,0
DA:254,0
DA:255,0
DA:256,0
DA:257,0
DA:258,0
DA:261,0
DA:262,0
DA:271,0
DA:279,0
DA:280,0
DA:282,0
DA:286,0
DA:287,0
DA:288,0
DA:291,0
DA:341,0
DA:380,0
DA:381,0
DA:382,0
LF:144
LH:0
BRDA:8,0,0,0
BRDA:12,1,0,0
BRDA:13,2,0,0
BRDA:14,3,0,0
BRDA:15,4,0,0
BRDA:16,5,0,0
BRDA:17,6,0,0
BRDA:18,7,0,0
BRDA:34,8,0,0
BRDA:34,8,1,0
BRDA:42,9,0,0
BRDA:42,9,1,0
BRDA:42,10,0,0
BRDA:42,10,1,0
BRDA:45,11,0,0
BRDA:45,11,1,0
BRDA:57,12,0,0
BRDA:57,12,1,0
BRDA:57,13,0,0
BRDA:57,13,1,0
BRDA:67,14,0,0
BRDA:67,14,1,0
BRDA:71,15,0,0
BRDA:71,15,1,0
BRDA:82,16,0,0
BRDA:82,16,1,0
BRDA:82,17,0,0
BRDA:82,17,1,0
BRDA:82,17,2,0
BRDA:82,17,3,0
BRDA:86,18,0,0
BRDA:86,18,1,0
BRDA:89,19,0,0
BRDA:89,19,1,0
BRDA:89,20,0,0
BRDA:89,20,1,0
BRDA:99,21,0,0
BRDA:99,21,1,0
BRDA:100,22,0,0
BRDA:100,22,1,0
BRDA:107,23,0,0
BRDA:107,23,1,0
BRDA:107,24,0,0
BRDA:107,24,1,0
BRDA:111,25,0,0
BRDA:111,25,1,0
BRDA:115,26,0,0
BRDA:115,26,1,0
BRDA:123,27,0,0
BRDA:123,27,1,0
BRDA:124,28,0,0
BRDA:124,28,1,0
BRDA:145,29,0,0
BRDA:145,29,1,0
BRDA:148,30,0,0
BRDA:148,30,1,0
BRDA:153,31,0,0
BRDA:153,31,1,0
BRDA:155,32,0,0
BRDA:155,32,1,0
BRDA:156,33,0,0
BRDA:156,33,1,0
BRDA:162,34,0,0
BRDA:162,34,1,0
BRDA:162,35,0,0
BRDA:162,35,1,0
BRDA:170,36,0,0
BRDA:170,36,1,0
BRDA:170,37,0,0
BRDA:170,37,1,0
BRDA:191,38,0,0
BRDA:191,38,1,0
BRDA:191,39,0,0
BRDA:191,39,1,0
BRDA:198,40,0,0
BRDA:198,40,1,0
BRDA:208,41,0,0
BRDA:208,41,1,0
BRDA:226,42,0,0
BRDA:226,42,1,0
BRDA:230,43,0,0
BRDA:230,43,1,0
BRDA:237,44,0,0
BRDA:237,44,1,0
BRDA:237,45,0,0
BRDA:237,45,1,0
BRDA:248,46,0,0
BRDA:248,46,1,0
BRDA:254,47,0,0
BRDA:254,47,1,0
BRDA:256,48,0,0
BRDA:256,48,1,0
BRDA:261,49,0,0
BRDA:261,49,1,0
BRDA:263,50,0,0
BRDA:263,50,1,0
BRDA:264,51,0,0
BRDA:264,51,1,0
BRDA:266,52,0,0
BRDA:266,52,1,0
BRDA:267,53,0,0
BRDA:267,53,1,0
BRDA:273,54,0,0
BRDA:273,54,1,0
BRDA:280,55,0,0
BRDA:280,55,1,0
BRDA:298,56,0,0
BRDA:298,56,1,0
BRDA:298,57,0,0
BRDA:298,57,1,0
BRDA:301,58,0,0
BRDA:301,58,1,0
BRDA:301,58,2,0
BRDA:307,59,0,0
BRDA:307,59,1,0
BRDA:307,60,0,0
BRDA:307,60,1,0
BRDA:311,61,0,0
BRDA:311,61,1,0
BRDA:311,61,2,0
BRDA:311,61,3,0
BRDA:311,61,4,0
BRDA:313,62,0,0
BRDA:313,62,1,0
BRDA:317,63,0,0
BRDA:317,63,1,0
BRDA:318,64,0,0
BRDA:318,64,1,0
BRDA:319,65,0,0
BRDA:319,65,1,0
BRDA:321,66,0,0
BRDA:321,66,1,0
BRDA:323,67,0,0
BRDA:323,67,1,0
BRDA:353,68,0,0
BRDA:353,68,1,0
BRDA:368,69,0,0
BRDA:368,69,1,0
BRDA:371,70,0,0
BRDA:371,70,1,0
BRDA:395,71,0,0
BRDA:395,71,1,0
BRF:142
BRH:0
end_of_record
TN:
SF:src\components\PhoneVerification.js
FN:5,(anonymous_0)
FN:16,(anonymous_1)
FN:17,(anonymous_2)
FN:26,(anonymous_3)
FN:38,(anonymous_4)
FN:48,(anonymous_5)
FN:79,(anonymous_6)
FN:117,(anonymous_7)
FN:131,(anonymous_8)
FN:161,(anonymous_9)
FN:181,(anonymous_10)
FNF:11
FNH:0
FNDA:0,(anonymous_0)
FNDA:0,(anonymous_1)
FNDA:0,(anonymous_2)
FNDA:0,(anonymous_3)
FNDA:0,(anonymous_4)
FNDA:0,(anonymous_5)
FNDA:0,(anonymous_6)
FNDA:0,(anonymous_7)
FNDA:0,(anonymous_8)
FNDA:0,(anonymous_9)
FNDA:0,(anonymous_10)
DA:5,0
DA:6,0
DA:7,0
DA:8,0
DA:9,0
DA:10,0
DA:11,0
DA:12,0
DA:13,0
DA:16,0
DA:17,0
DA:19,0
DA:20,0
DA:21,0
DA:26,0
DA:27,0
DA:28,0
DA:30,0
DA:31,0
DA:33,0
DA:35,0
DA:38,0
DA:39,0
DA:40,0
DA:41,0
DA:42,0
DA:43,0
DA:45,0
DA:48,0
DA:49,0
DA:50,0
DA:51,0
DA:53,0
DA:54,0
DA:56,0
DA:57,0
DA:60,0
DA:61,0
DA:63,0
DA:64,0
DA:65,0
DA:66,0
DA:67,0
DA:69,0
DA:70,0
DA:72,0
DA:73,0
DA:75,0
DA:79,0
DA:80,0
DA:81,0
DA:82,0
DA:84,0
DA:85,0
DA:86,0
DA:87,0
DA:88,0
DA:89,0
DA:92,0
DA:93,0
DA:97,0
DA:98,0
DA:99,0
DA:101,0
DA:105,0
DA:117,0
DA:131,0
DA:161,0
DA:182,0
DA:183,0
DA:184,0
DA:185,0
DA:187,0
DA:188,0
DA:189,0
LF:75
LH:0
BRDA:5,0,0,0
BRDA:5,1,0,0
BRDA:19,2,0,0
BRDA:19,2,1,0
BRDA:28,3,0,0
BRDA:28,3,1,0
BRDA:31,4,0,0
BRDA:31,4,1,0
BRDA:40,5,0,0
BRDA:40,5,1,0
BRDA:40,6,0,0
BRDA:40,6,1,0
BRDA:42,7,0,0
BRDA:42,7,1,0
BRDA:42,8,0,0
BRDA:42,8,1,0
BRDA:56,9,0,0
BRDA:56,9,1,0
BRDA:57,10,0,0
BRDA:57,10,1,0
BRDA:70,11,0,0
BRDA:70,11,1,0
BRDA:86,12,0,0
BRDA:86,12,1,0
BRDA:92,13,0,0
BRDA:92,13,1,0
BRDA:98,14,0,0
BRDA:98,14,1,0
BRDA:109,15,0,0
BRDA:109,15,1,0
BRDA:111,16,0,0
BRDA:111,16,1,0
BRDA:132,17,0,0
BRDA:132,17,1,0
BRDA:138,18,0,0
BRDA:138,18,1,0
BRDA:148,19,0,0
BRDA:148,19,1,0
BRDA:151,20,0,0
BRDA:151,20,1,0
BRDA:173,21,0,0
BRDA:173,21,1,0
BRDA:176,22,0,0
BRDA:176,22,1,0
BRDA:187,23,0,0
BRDA:187,23,1,0
BRDA:207,24,0,0
BRDA:207,24,1,0
BRF:48
BRH:0
end_of_record
TN:
SF:src\components\ProfileImageUploader.js
FN:11,(anonymous_0)
FN:19,(anonymous_1)
FN:40,(anonymous_2)
FN:52,(anonymous_3)
FN:70,(anonymous_4)
FN:71,(anonymous_5)
FN:112,(anonymous_6)
FN:113,(anonymous_7)
FN:121,(anonymous_8)
FN:126,(anonymous_9)
FN:131,(anonymous_10)
FN:154,(anonymous_11)
FN:227,(anonymous_12)
FNF:13
FNH:0
FNDA:0,(anonymous_0)
FNDA:0,(anonymous_1)
FNDA:0,(anonymous_2)
FNDA:0,(anonymous_3)
FNDA:0,(anonymous_4)
FNDA:0,(anonymous_5)
FNDA:0,(anonymous_6)
FNDA:0,(anonymous_7)
FNDA:0,(anonymous_8)
FNDA:0,(anonymous_9)
FNDA:0,(anonymous_10)
FNDA:0,(anonymous_11)
FNDA:0,(anonymous_12)
DA:8,0
DA:11,0
DA:12,0
DA:19,0
DA:20,0
DA:21,0
DA:22,0
DA:23,0
DA:26,0
DA:27,0
DA:28,0
DA:31,0
DA:35,0
DA:37,0
DA:40,0
DA:41,0
DA:42,0
DA:46,0
DA:48,0
DA:52,0
DA:60,0
DA:61,0
DA:62,0
DA:63,0
DA:64,0
DA:65,0
DA:66,0
DA:67,0
DA:70,0
DA:71,0
DA:72,0
DA:75,0
DA:76,0
DA:77,0
DA:78,0
DA:79,0
DA:80,0
DA:82,0
DA:86,0
DA:87,0
DA:88,0
DA:89,0
DA:91,0
DA:92,0
DA:93,0
DA:95,0
DA:96,0
DA:98,0
DA:99,0
DA:104,0
DA:108,0
DA:112,0
DA:113,0
DA:114,0
DA:115,0
DA:116,0
DA:121,0
DA:126,0
DA:127,0
DA:128,0
DA:131,0
DA:132,0
DA:133,0
DA:136,0
DA:137,0
DA:138,0
DA:142,0
DA:143,0
DA:144,0
DA:148,0
DA:149,0
DA:150,0
DA:151,0
DA:154,0
DA:155,0
DA:157,0
DA:158,0
DA:159,0
DA:162,0
DA:163,0
DA:165,0
DA:166,0
DA:167,0
DA:170,0
DA:171,0
DA:173,0
DA:174,0
DA:177,0
DA:181,0
DA:183,0
DA:188,0
DA:191,0
DA:192,0
DA:200,0
DA:203,0
DA:204,0
DA:208,0
DA:209,0
DA:213,0
DA:214,0
DA:215,0
DA:220,0
DA:221,0
DA:223,0
DA:227,0
DA:228,0
DA:229,0
DA:231,0
DA:232,0
DA:233,0
DA:236,0
LF:111
LH:0
BRDA:22,0,0,0
BRDA:22,0,1,0
BRDA:27,1,0,0
BRDA:27,1,1,0
BRDA:58,2,0,0
BRDA:60,3,0,0
BRDA:60,3,1,0
BRDA:72,4,0,0
BRDA:72,4,1,0
BRDA:76,5,0,0
BRDA:76,5,1,0
BRDA:79,6,0,0
BRDA:79,6,1,0
BRDA:88,7,0,0
BRDA:88,7,1,0
BRDA:91,8,0,0
BRDA:91,8,1,0
BRDA:93,9,0,0
BRDA:93,9,1,0
BRDA:98,10,0,0
BRDA:98,10,1,0
BRDA:114,11,0,0
BRDA:114,11,1,0
BRDA:127,12,0,0
BRDA:127,12,1,0
BRDA:127,13,0,0
BRDA:127,13,1,0
BRDA:133,14,0,0
BRDA:133,14,1,0
BRDA:136,15,0,0
BRDA:136,15,1,0
BRDA:142,16,0,0
BRDA:142,16,1,0
BRDA:155,17,0,0
BRDA:155,17,1,0
BRDA:162,18,0,0
BRDA:162,18,1,0
BRDA:162,19,0,0
BRDA:162,19,1,0
BRDA:166,20,0,0
BRDA:166,20,1,0
BRDA:191,21,0,0
BRDA:191,21,1,0
BRDA:203,22,0,0
BRDA:203,22,1,0
BRDA:208,23,0,0
BRDA:208,23,1,0
BRDA:228,24,0,0
BRDA:228,24,1,0
BRDA:239,25,0,0
BRDA:239,25,1,0
BRDA:239,26,0,0
BRDA:239,26,1,0
BRDA:240,27,0,0
BRDA:240,27,1,0
BRDA:243,28,0,0
BRDA:243,28,1,0
BRDA:244,29,0,0
BRDA:244,29,1,0
BRDA:247,30,0,0
BRDA:247,30,1,0
BRDA:256,31,0,0
BRDA:256,31,1,0
BRDA:256,31,2,0
BRDA:267,32,0,0
BRDA:267,32,1,0
BRDA:267,32,2,0
BRDA:291,33,0,0
BRDA:291,33,1,0
BRF:69
BRH:0
end_of_record
TN:
SF:src\components\RatingStars.js
FN:4,(anonymous_0)
FN:9,(anonymous_1)
FN:13,(anonymous_2)
FN:24,(anonymous_3)
FN:30,(anonymous_4)
FN:31,(anonymous_5)
FN:32,(anonymous_6)
FNF:7
FNH:0
FNDA:0,(anonymous_0)
FNDA:0,(anonymous_1)
FNDA:0,(anonymous_2)
FNDA:0,(anonymous_3)
FNDA:0,(anonymous_4)
FNDA:0,(anonymous_5)
FNDA:0,(anonymous_6)
DA:4,0
DA:5,0
DA:6,0
DA:9,0
DA:10,0
DA:13,0
DA:14,0
DA:16,0
DA:17,0
DA:18,0
DA:22,0
DA:25,0
DA:26,0
DA:30,0
DA:31,0
DA:32,0
LF:16
LH:0
BRDA:4,0,0,0
BRDA:4,1,0,0
BRDA:14,2,0,0
BRDA:14,2,1,0
BRDA:17,3,0,0
BRDA:17,3,1,0
BRDA:23,4,0,0
BRDA:23,4,1,0
BRDA:29,5,0,0
BRDA:29,5,1,0
BRDA:29,6,0,0
BRDA:29,6,1,0
BRDA:29,7,0,0
BRDA:29,7,1,0
BRDA:31,8,0,0
BRDA:31,8,1,0
BRDA:32,9,0,0
BRDA:32,9,1,0
BRDA:33,10,0,0
BRDA:33,10,1,0
BRF:20
BRH:0
end_of_record
TN:
SF:src\components\RedirectAfterLogin.js
FN:6,(anonymous_0)
FN:11,(anonymous_1)
FNF:2
FNH:0
FNDA:0,(anonymous_0)
FNDA:0,(anonymous_1)
DA:6,0
DA:7,0
DA:8,0
DA:9,0
DA:11,0
DA:12,0
DA:14,0
DA:15,0
DA:17,0
DA:19,0
DA:20,0
DA:23,0
DA:24,0
DA:25,0
DA:30,0
LF:15
LH:0
BRDA:12,0,0,0
BRDA:12,0,1,0
BRDA:12,1,0,0
BRDA:12,1,1,0
BRDA:17,2,0,0
BRDA:17,2,1,0
BRDA:23,3,0,0
BRDA:23,3,1,0
BRF:8
BRH:0
end_of_record
TN:
SF:src\components\SessionTransferTest.js
FN:5,(anonymous_0)
FN:11,(anonymous_1)
FN:12,(anonymous_2)
FN:16,(anonymous_3)
FN:38,(anonymous_4)
FN:49,(anonymous_5)
FN:61,(anonymous_6)
FN:67,(anonymous_7)
FN:75,(anonymous_8)
FN:103,(anonymous_9)
FN:115,(anonymous_10)
FN:145,(anonymous_11)
FN:151,(anonymous_12)
FN:157,(anonymous_13)
FN:183,(anonymous_14)
FNF:15
FNH:0
FNDA:0,(anonymous_0)
FNDA:0,(anonymous_1)
FNDA:0,(anonymous_2)
FNDA:0,(anonymous_3)
FNDA:0,(anonymous_4)
FNDA:0,(anonymous_5)
FNDA:0,(anonymous_6)
FNDA:0,(anonymous_7)
FNDA:0,(anonymous_8)
FNDA:0,(anonymous_9)
FNDA:0,(anonymous_10)
FNDA:0,(anonymous_11)
FNDA:0,(anonymous_12)
FNDA:0,(anonymous_13)
FNDA:0,(anonymous_14)
DA:5,0
DA:6,0
DA:7,0
DA:8,0
DA:9,0
DA:11,0
DA:12,0
DA:16,0
DA:17,0
DA:18,0
DA:19,0
DA:20,0
DA:22,0
DA:23,0
DA:25,0
DA:28,0
DA:29,0
DA:32,0
DA:33,0
DA:38,0
DA:39,0
DA:40,0
DA:41,0
DA:42,0
DA:44,0
DA:49,0
DA:50,0
DA:51,0
DA:53,0
DA:54,0
DA:56,0
DA:61,0
DA:62,0
DA:63,0
DA:67,0
DA:68,0
DA:70,0
DA:71,0
DA:75,0
DA:76,0
DA:77,0
DA:79,0
DA:82,0
DA:84,0
DA:87,0
DA:88,0
DA:89,0
DA:90,0
DA:92,0
DA:93,0
DA:95,0
DA:99,0
DA:103,0
DA:104,0
DA:105,0
DA:107,0
DA:108,0
DA:109,0
DA:111,0
DA:115,0
DA:116,0
DA:119,0
DA:145,0
DA:151,0
DA:157,0
DA:184,0
LF:66
LH:0
BRDA:22,0,0,0
BRDA:22,0,1,0
BRDA:28,1,0,0
BRDA:28,1,1,0
BRDA:32,2,0,0
BRDA:32,2,1,0
BRDA:39,3,0,0
BRDA:39,3,1,0
BRDA:41,4,0,0
BRDA:41,4,1,0
BRDA:53,5,0,0
BRDA:53,5,1,0
BRDA:54,6,0,0
BRDA:54,6,1,0
BRDA:92,7,0,0
BRDA:92,7,1,0
BRDA:92,8,0,0
BRDA:92,8,1,0
BRDA:92,8,2,0
BRDA:129,9,0,0
BRDA:129,9,1,0
BRDA:130,10,0,0
BRDA:130,10,1,0
BRDA:131,11,0,0
BRDA:131,11,1,0
BRDA:180,12,0,0
BRDA:180,12,1,0
BRDA:189,13,0,0
BRDA:189,13,1,0
BRDA:190,14,0,0
BRDA:190,14,1,0
BRDA:191,15,0,0
BRDA:191,15,1,0
BRF:33
BRH:0
end_of_record
TN:
SF:src\components\ShopifyAuthGuard.js
FN:8,(anonymous_0)
FN:14,(anonymous_1)
FN:15,(anonymous_2)
FNF:3
FNH:0
FNDA:0,(anonymous_0)
FNDA:0,(anonymous_1)
FNDA:0,(anonymous_2)
DA:8,0
DA:9,0
DA:10,0
DA:11,0
DA:12,0
DA:14,0
DA:15,0
DA:16,0
DA:17,0
DA:19,0
DA:21,0
DA:22,0
DA:25,0
DA:27,0
DA:29,0
DA:30,0
DA:31,0
DA:34,0
DA:35,0
DA:36,0
DA:39,0
DA:40,0
DA:41,0
DA:44,0
DA:45,0
DA:50,0
DA:51,0
DA:52,0
DA:54,0
DA:57,0
DA:58,0
DA:61,0
DA:62,0
DA:63,0
DA:64,0
DA:66,0
DA:68,0
DA:69,0
DA:70,0
DA:71,0
DA:72,0
DA:75,0
DA:76,0
DA:77,0
DA:78,0
DA:79,0
DA:82,0
DA:84,0
DA:85,0
DA:86,0
DA:87,0
DA:91,0
DA:93,0
DA:94,0
DA:96,0
DA:100,0
DA:103,0
DA:104,0
DA:123,0
DA:124,0
DA:127,0
LF:61
LH:0
BRDA:19,0,0,0
BRDA:19,0,1,0
BRDA:30,1,0,0
BRDA:30,1,1,0
BRDA:39,2,0,0
BRDA:39,2,1,0
BRDA:66,3,0,0
BRDA:66,3,1,0
BRDA:103,4,0,0
BRDA:103,4,1,0
BRDA:123,5,0,0
BRDA:123,5,1,0
BRF:12
BRH:0
end_of_record
TN:
SF:src\components\TestRedirect.js
FN:4,(anonymous_0)
FNF:1
FNH:0
FNDA:0,(anonymous_0)
DA:4,0
DA:5,0
DA:6,0
DA:7,0
DA:9,0
LF:5
LH:0
BRDA:13,0,0,0
BRDA:13,0,1,0
BRF:2
BRH:0
end_of_record
TN:
SF:src\components\TokenFailureHandler.js
FN:4,(anonymous_0)
FN:9,(anonymous_1)
FN:20,(anonymous_2)
FNF:3
FNH:0
FNDA:0,(anonymous_0)
FNDA:0,(anonymous_1)
FNDA:0,(anonymous_2)
DA:4,0
DA:5,0
DA:6,0
DA:7,0
DA:9,0
DA:10,0
DA:11,0
DA:13,0
DA:14,0
DA:16,0
DA:17,0
DA:18,0
DA:20,0
DA:21,0
DA:25,0
DA:28,0
DA:29,0
DA:32,0
DA:33,0
DA:35,0
DA:39,0
LF:21
LH:0
BRDA:16,0,0,0
BRDA:16,0,1,0
BRDA:17,1,0,0
BRDA:17,1,1,0
BRDA:21,2,0,0
BRDA:21,2,1,0
BRDA:25,3,0,0
BRDA:25,3,1,0
BRDA:29,4,0,0
BRDA:29,4,1,0
BRDA:33,5,0,0
BRDA:33,5,1,0
BRDA:49,6,0,0
BRDA:49,6,1,0
BRDA:52,7,0,0
BRDA:52,7,1,0
BRDA:53,8,0,0
BRDA:53,8,1,0
BRF:18
BRH:0
end_of_record
TN:
SF:src\components\TokenLogin.js
FN:7,(anonymous_0)
FN:12,(anonymous_1)
FN:13,(anonymous_2)
FN:21,(anonymous_3)
FN:45,(anonymous_4)
FN:58,(anonymous_5)
FN:73,(anonymous_6)
FNF:7
FNH:0
FNDA:0,(anonymous_0)
FNDA:0,(anonymous_1)
FNDA:0,(anonymous_2)
FNDA:0,(anonymous_3)
FNDA:0,(anonymous_4)
FNDA:0,(anonymous_5)
FNDA:0,(anonymous_6)
DA:7,0
DA:8,0
DA:9,0
DA:10,0
DA:12,0
DA:13,0
DA:14,0
DA:16,0
DA:17,0
DA:19,0
DA:20,0
DA:21,0
DA:22,0
DA:25,0
DA:28,0
DA:29,0
DA:30,0
DA:33,0
DA:34,0
DA:35,0
DA:38,0
DA:39,0
DA:40,0
DA:43,0
DA:44,0
DA:45,0
DA:46,0
DA:50,0
DA:53,0
DA:55,0
DA:58,0
DA:59,0
DA:63,0
DA:65,0
DA:66,0
DA:67,0
DA:68,0
DA:70,0
DA:73,0
DA:77,0
DA:80,0
LF:41
LH:0
BRDA:19,0,0,0
BRDA:19,0,1,0
BRDA:29,1,0,0
BRDA:29,1,1,0
BRDA:38,2,0,0
BRDA:38,2,1,0
BRDA:65,3,0,0
BRDA:65,3,1,0
BRDA:67,4,0,0
BRDA:67,4,1,0
BRF:10
BRH:0
end_of_record
TN:
SF:src\components\UserDetails.js
FN:4,(anonymous_0)
FN:8,(anonymous_1)
FN:26,(anonymous_2)
FN:32,(anonymous_3)
FN:38,(anonymous_4)
FN:97,(anonymous_5)
FN:142,(anonymous_6)
FNF:7
FNH:0
FNDA:0,(anonymous_0)
FNDA:0,(anonymous_1)
FNDA:0,(anonymous_2)
FNDA:0,(anonymous_3)
FNDA:0,(anonymous_4)
FNDA:0,(anonymous_5)
FNDA:0,(anonymous_6)
DA:4,0
DA:5,0
DA:8,0
DA:9,0
DA:10,0
DA:13,0
DA:26,0
DA:32,0
DA:38,0
DA:98,0
DA:143,0
LF:11
LH:0
BRDA:9,0,0,0
BRDA:9,0,1,0
BRDA:25,1,0,0
BRDA:25,1,1,0
BRDA:31,2,0,0
BRDA:31,2,1,0
BRDA:37,3,0,0
BRDA:37,3,1,0
BRDA:45,4,0,0
BRDA:45,4,1,0
BRDA:63,5,0,0
BRDA:63,5,1,0
BRDA:69,6,0,0
BRDA:69,6,1,0
BRDA:75,7,0,0
BRDA:75,7,1,0
BRDA:81,8,0,0
BRDA:81,8,1,0
BRDA:84,9,0,0
BRDA:84,9,1,0
BRDA:91,10,0,0
BRDA:91,10,1,0
BRDA:95,11,0,0
BRDA:95,11,1,0
BRDA:95,12,0,0
BRDA:95,12,1,0
BRDA:101,13,0,0
BRDA:101,13,1,0
BRDA:104,14,0,0
BRDA:104,14,1,0
BRDA:105,15,0,0
BRDA:105,15,1,0
BRDA:117,16,0,0
BRDA:117,16,1,0
BRDA:119,17,0,0
BRDA:119,17,1,0
BRDA:136,18,0,0
BRDA:136,18,1,0
BRDA:140,19,0,0
BRDA:140,19,1,0
BRDA:140,20,0,0
BRDA:140,20,1,0
BRDA:146,21,0,0
BRDA:146,21,1,0
BRF:44
BRH:0
end_of_record
TN:
SF:src\contexts\AuthContext.js
FN:6,(anonymous_0)
FN:14,(anonymous_1)
FNF:2
FNH:0
FNDA:0,(anonymous_0)
FNDA:0,(anonymous_1)
DA:4,0
DA:6,0
DA:7,0
DA:8,0
DA:9,0
DA:11,0
DA:14,0
DA:15,0
DA:17,0
LF:9
LH:0
BRDA:8,0,0,0
BRDA:8,0,1,0
BRF:2
BRH:0
end_of_record
TN:
SF:src\data\expertsData.js
FNF:0
FNH:0
DA:1,0
LF:1
LH:0
BRF:0
BRH:0
end_of_record
TN:
SF:src\hooks\useAuth.js
FN:5,(anonymous_0)
FN:11,(anonymous_1)
FN:12,(anonymous_2)
FN:126,(anonymous_3)
FN:129,(anonymous_4)
FN:164,(anonymous_5)
FN:195,(anonymous_6)
FN:205,(anonymous_7)
FN:215,(anonymous_8)
FNF:9
FNH:0
FNDA:0,(anonymous_0)
FNDA:0,(anonymous_1)
FNDA:0,(anonymous_2)
FNDA:0,(anonymous_3)
FNDA:0,(anonymous_4)
FNDA:0,(anonymous_5)
FNDA:0,(anonymous_6)
FNDA:0,(anonymous_7)
FNDA:0,(anonymous_8)
DA:5,0
DA:6,0
DA:7,0
DA:8,0
DA:9,0
DA:11,0
DA:12,0
DA:13,0
DA:14,0
DA:15,0
DA:18,0
DA:19,0
DA:20,0
DA:21,0
DA:22,0
DA:23,0
DA:24,0
DA:26,0
DA:27,0
DA:28,0
DA:31,0
DA:32,0
DA:35,0
DA:36,0
DA:37,0
DA:38,0
DA:40,0
DA:41,0
DA:45,0
DA:46,0
DA:49,0
DA:50,0
DA:53,0
DA:54,0
DA:60,0
DA:61,0
DA:63,0
DA:64,0
DA:65,0
DA:66,0
DA:67,0
DA:69,0
DA:79,0
DA:80,0
DA:81,0
DA:82,0
DA:83,0
DA:84,0
DA:87,0
DA:88,0
DA:91,0
DA:92,0
DA:96,0
DA:97,0
DA:98,0
DA:101,0
DA:102,0
DA:103,0
DA:104,0
DA:106,0
DA:107,0
DA:110,0
DA:111,0
DA:112,0
DA:113,0
DA:116,0
DA:117,0
DA:118,0
DA:119,0
DA:121,0
DA:122,0
DA:126,0
DA:129,0
DA:130,0
DA:131,0
DA:132,0
DA:133,0
DA:136,0
DA:137,0
DA:138,0
DA:141,0
DA:142,0
DA:153,0
DA:154,0
DA:157,0
DA:159,0
DA:164,0
DA:165,0
DA:166,0
DA:169,0
DA:170,0
DA:171,0
DA:172,0
DA:173,0
DA:174,0
DA:177,0
DA:180,0
DA:183,0
DA:184,0
DA:185,0
DA:187,0
DA:188,0
DA:190,0
DA:191,0
DA:195,0
DA:196,0
DA:197,0
DA:198,0
DA:199,0
DA:201,0
DA:205,0
DA:206,0
DA:207,0
DA:208,0
DA:209,0
DA:211,0
DA:215,0
DA:216,0
DA:217,0
DA:218,0
DA:219,0
DA:221,0
DA:225,0
LF:123
LH:0
BRDA:14,0,0,0
BRDA:14,0,1,0
BRDA:15,1,0,0
BRDA:15,1,1,0
BRDA:18,2,0,0
BRDA:18,2,1,0
BRDA:20,3,0,0
BRDA:20,3,1,0
BRDA:26,4,0,0
BRDA:26,4,1,0
BRDA:61,5,0,0
BRDA:61,5,1,0
BRDA:63,6,0,0
BRDA:63,6,1,0
BRDA:76,7,0,0
BRDA:76,7,1,0
BRDA:79,8,0,0
BRDA:79,8,1,0
BRDA:79,9,0,0
BRDA:79,9,1,0
BRDA:96,10,0,0
BRDA:96,10,1,0
BRDA:141,11,0,0
BRDA:141,11,1,0
BRDA:153,12,0,0
BRDA:153,12,1,0
BRDA:153,13,0,0
BRDA:153,13,1,0
BRDA:153,13,2,0
BRDA:159,14,0,0
BRDA:159,14,1,0
BRDA:195,15,0,0
BRF:32
BRH:0
end_of_record
TN:
SF:src\hooks\useProfileImage.js
FN:12,(anonymous_0)
FN:17,(anonymous_1)
FN:32,(anonymous_2)
FNF:3
FNH:0
FNDA:0,(anonymous_0)
FNDA:0,(anonymous_1)
FNDA:0,(anonymous_2)
DA:4,0
DA:12,0
DA:13,0
DA:14,0
DA:15,0
DA:17,0
DA:19,0
DA:20,0
DA:21,0
DA:22,0
DA:26,0
DA:27,0
DA:28,0
DA:29,0
DA:32,0
DA:33,0
DA:34,0
DA:35,0
DA:36,0
DA:37,0
DA:39,0
DA:40,0
DA:41,0
DA:43,0
DA:47,0
DA:50,0
LF:26
LH:0
BRDA:12,0,0,0
BRDA:19,1,0,0
BRDA:19,1,1,0
BRDA:26,2,0,0
BRDA:26,2,1,0
BRDA:36,3,0,0
BRDA:36,3,1,0
BRDA:51,4,0,0
BRDA:51,4,1,0
BRDA:54,5,0,0
BRDA:54,5,1,0
BRF:11
BRH:0
end_of_record
TN:
SF:src\pages\AdminLogin.js
FN:5,(anonymous_0)
FN:16,(anonymous_1)
FN:48,(anonymous_2)
FN:59,(anonymous_3)
FNF:4
FNH:0
FNDA:0,(anonymous_0)
FNDA:0,(anonymous_1)
FNDA:0,(anonymous_2)
FNDA:0,(anonymous_3)
DA:5,0
DA:6,0
DA:7,0
DA:8,0
DA:9,0
DA:10,0
DA:13,0
DA:14,0
DA:16,0
DA:17,0
DA:18,0
DA:19,0
DA:22,0
DA:24,0
DA:25,0
DA:27,0
DA:30,0
DA:33,0
DA:48,0
DA:59,0
LF:20
LH:0
BRDA:22,0,0,0
BRDA:22,0,1,0
BRDA:22,1,0,0
BRDA:22,1,1,0
BRDA:39,2,0,0
BRDA:39,2,1,0
BRDA:69,3,0,0
BRDA:69,3,1,0
BRF:8
BRH:0
end_of_record
TN:
SF:src\pages\AdminPanel.js
FN:13,(anonymous_0)
FN:31,(anonymous_1)
FN:37,(anonymous_2)
FN:41,(anonymous_3)
FN:51,(anonymous_4)
FN:73,(anonymous_5)
FN:79,(anonymous_6)
FN:92,(anonymous_7)
FN:95,(anonymous_8)
FN:105,(anonymous_9)
FN:112,(anonymous_10)
FN:132,(anonymous_11)
FN:141,(anonymous_12)
FN:148,(anonymous_13)
FN:157,(anonymous_14)
FN:168,(anonymous_15)
FN:184,(anonymous_16)
FN:193,(anonymous_17)
FN:198,(anonymous_18)
FN:409,(anonymous_19)
FN:443,(anonymous_20)
FN:456,(anonymous_21)
FN:457,(anonymous_22)
FN:468,(anonymous_23)
FN:510,(anonymous_24)
FN:525,(anonymous_25)
FN:535,(anonymous_26)
FN:541,(anonymous_27)
FN:541,(anonymous_28)
FN:558,(anonymous_29)
FN:570,(anonymous_30)
FN:580,(anonymous_31)
FN:586,(anonymous_32)
FN:586,(anonymous_33)
FN:599,(anonymous_34)
FN:600,(anonymous_35)
FN:606,(anonymous_36)
FN:611,(anonymous_37)
FN:625,(anonymous_38)
FN:632,(anonymous_39)
FN:661,(anonymous_40)
FN:667,(anonymous_41)
FN:673,(anonymous_42)
FN:679,(anonymous_43)
FN:708,(anonymous_44)
FN:712,(anonymous_45)
FN:782,(anonymous_46)
FN:789,(anonymous_47)
FN:830,(anonymous_48)
FN:834,(anonymous_49)
FN:856,(anonymous_50)
FN:861,(anonymous_51)
FN:895,(anonymous_52)
FN:899,(anonymous_53)
FN:921,(anonymous_54)
FNF:55
FNH:0
FNDA:0,(anonymous_0)
FNDA:0,(anonymous_1)
FNDA:0,(anonymous_2)
FNDA:0,(anonymous_3)
FNDA:0,(anonymous_4)
FNDA:0,(anonymous_5)
FNDA:0,(anonymous_6)
FNDA:0,(anonymous_7)
FNDA:0,(anonymous_8)
FNDA:0,(anonymous_9)
FNDA:0,(anonymous_10)
FNDA:0,(anonymous_11)
FNDA:0,(anonymous_12)
FNDA:0,(anonymous_13)
FNDA:0,(anonymous_14)
FNDA:0,(anonymous_15)
FNDA:0,(anonymous_16)
FNDA:0,(anonymous_17)
FNDA:0,(anonymous_18)
FNDA:0,(anonymous_19)
FNDA:0,(anonymous_20)
FNDA:0,(anonymous_21)
FNDA:0,(anonymous_22)
FNDA:0,(anonymous_23)
FNDA:0,(anonymous_24)
FNDA:0,(anonymous_25)
FNDA:0,(anonymous_26)
FNDA:0,(anonymous_27)
FNDA:0,(anonymous_28)
FNDA:0,(anonymous_29)
FNDA:0,(anonymous_30)
FNDA:0,(anonymous_31)
FNDA:0,(anonymous_32)
FNDA:0,(anonymous_33)
FNDA:0,(anonymous_34)
FNDA:0,(anonymous_35)
FNDA:0,(anonymous_36)
FNDA:0,(anonymous_37)
FNDA:0,(anonymous_38)
FNDA:0,(anonymous_39)
FNDA:0,(anonymous_40)
FNDA:0,(anonymous_41)
FNDA:0,(anonymous_42)
FNDA:0,(anonymous_43)
FNDA:0,(anonymous_44)
FNDA:0,(anonymous_45)
FNDA:0,(anonymous_46)
FNDA:0,(anonymous_47)
FNDA:0,(anonymous_48)
FNDA:0,(anonymous_49)
FNDA:0,(anonymous_50)
FNDA:0,(anonymous_51)
FNDA:0,(anonymous_52)
FNDA:0,(anonymous_53)
FNDA:0,(anonymous_54)
DA:13,0
DA:14,0
DA:15,0
DA:16,0
DA:17,0
DA:18,0
DA:19,0
DA:20,0
DA:21,0
DA:22,0
DA:23,0
DA:24,0
DA:25,0
DA:26,0
DA:27,0
DA:28,0
DA:29,0
DA:31,0
DA:33,0
DA:37,0
DA:38,0
DA:39,0
DA:40,0
DA:41,0
DA:42,0
DA:43,0
DA:45,0
DA:51,0
DA:52,0
DA:53,0
DA:55,0
DA:56,0
DA:57,0
DA:58,0
DA:59,0
DA:60,0
DA:61,0
DA:62,0
DA:63,0
DA:66,0
DA:67,0
DA:69,0
DA:73,0
DA:74,0
DA:76,0
DA:77,0
DA:79,0
DA:80,0
DA:81,0
DA:91,0
DA:92,0
DA:95,0
DA:97,0
DA:98,0
DA:100,0
DA:101,0
DA:105,0
DA:106,0
DA:108,0
DA:109,0
DA:110,0
DA:112,0
DA:113,0
DA:116,0
DA:117,0
DA:119,0
DA:123,0
DA:132,0
DA:134,0
DA:136,0
DA:137,0
DA:141,0
DA:142,0
DA:144,0
DA:145,0
DA:146,0
DA:148,0
DA:149,0
DA:153,0
DA:154,0
DA:155,0
DA:157,0
DA:164,0
DA:165,0
DA:166,0
DA:168,0
DA:174,0
DA:184,0
DA:186,0
DA:188,0
DA:189,0
DA:193,0
DA:194,0
DA:195,0
DA:198,0
DA:199,0
DA:200,0
DA:201,0
DA:203,0
DA:205,0
DA:206,0
DA:209,0
DA:210,0
DA:211,0
DA:212,0
DA:213,0
DA:215,0
DA:216,0
DA:217,0
DA:218,0
DA:224,0
DA:226,0
DA:232,0
DA:240,0
DA:243,0
DA:244,0
DA:250,0
DA:252,0
DA:255,0
DA:256,0
DA:259,0
DA:260,0
DA:261,0
DA:264,0
DA:271,0
DA:278,0
DA:280,0
DA:283,0
DA:286,0
DA:289,0
DA:303,0
DA:313,0
DA:315,0
DA:317,0
DA:318,0
DA:321,0
DA:328,0
DA:335,0
DA:337,0
DA:338,0
DA:344,0
DA:345,0
DA:349,0
DA:350,0
DA:362,0
DA:366,0
DA:367,0
DA:376,0
DA:377,0
DA:380,0
DA:381,0
DA:384,0
DA:387,0
DA:388,0
DA:390,0
DA:393,0
DA:396,0
DA:399,0
DA:400,0
DA:402,0
DA:403,0
DA:405,0
DA:409,0
DA:410,0
DA:411,0
DA:412,0
DA:414,0
DA:415,0
DA:418,0
DA:419,0
DA:425,0
DA:427,0
DA:430,0
DA:433,0
DA:434,0
DA:436,0
DA:437,0
DA:439,0
DA:443,0
DA:444,0
DA:445,0
DA:446,0
DA:447,0
DA:448,0
DA:449,0
DA:452,0
DA:453,0
DA:454,0
DA:456,0
DA:457,0
DA:458,0
DA:459,0
DA:462,0
DA:468,0
DA:469,0
DA:470,0
DA:471,0
DA:473,0
DA:475,0
DA:476,0
DA:477,0
DA:481,0
DA:482,0
DA:483,0
DA:486,0
DA:487,0
DA:488,0
DA:494,0
DA:498,0
DA:500,0
DA:502,0
DA:503,0
DA:505,0
DA:510,0
DA:511,0
DA:512,0
DA:515,0
DA:518,0
DA:521,0
DA:522,0
DA:523,0
DA:525,0
DA:526,0
DA:528,0
DA:531,0
DA:532,0
DA:533,0
DA:535,0
DA:536,0
DA:538,0
DA:541,0
DA:542,0
DA:543,0
DA:544,0
DA:550,0
DA:551,0
DA:553,0
DA:558,0
DA:559,0
DA:560,0
DA:563,0
DA:566,0
DA:567,0
DA:568,0
DA:570,0
DA:571,0
DA:573,0
DA:576,0
DA:577,0
DA:578,0
DA:580,0
DA:581,0
DA:583,0
DA:586,0
DA:587,0
DA:588,0
DA:589,0
DA:592,0
DA:593,0
DA:595,0
DA:599,0
DA:600,0
DA:602,0
DA:606,0
DA:607,0
DA:611,0
DA:612,0
DA:614,0
DA:615,0
DA:617,0
DA:625,0
DA:632,0
DA:643,0
DA:661,0
DA:667,0
DA:673,0
DA:679,0
DA:709,0
DA:712,0
DA:782,0
DA:789,0
DA:831,0
DA:834,0
DA:856,0
DA:862,0
DA:863,0
DA:865,0
DA:866,0
DA:868,0
DA:869,0
DA:871,0
DA:896,0
DA:899,0
DA:921,0
LF:294
LH:0
BRDA:38,0,0,0
BRDA:38,0,1,0
BRDA:38,1,0,0
BRDA:38,1,1,0
BRDA:40,2,0,0
BRDA:40,2,1,0
BRDA:42,3,0,0
BRDA:42,3,1,0
BRDA:56,4,0,0
BRDA:56,4,1,0
BRDA:58,5,0,0
BRDA:58,5,1,0
BRDA:60,6,0,0
BRDA:60,6,1,0
BRDA:62,7,0,0
BRDA:62,7,1,0
BRDA:84,8,0,0
BRDA:84,8,1,0
BRDA:86,9,0,0
BRDA:86,9,1,0
BRDA:119,10,0,0
BRDA:119,10,1,0
BRDA:127,11,0,0
BRDA:127,11,1,0
BRDA:160,12,0,0
BRDA:160,12,1,0
BRDA:171,13,0,0
BRDA:171,13,1,0
BRDA:179,14,0,0
BRDA:179,14,1,0
BRDA:215,15,0,0
BRDA:215,15,1,0
BRDA:224,16,0,0
BRDA:224,16,1,0
BRDA:255,17,0,0
BRDA:255,17,1,0
BRDA:255,18,0,0
BRDA:255,18,1,0
BRDA:344,19,0,0
BRDA:344,19,1,0
BRDA:349,20,0,0
BRDA:349,20,1,0
BRDA:370,21,0,0
BRDA:370,21,1,0
BRDA:371,22,0,0
BRDA:371,22,1,0
BRDA:372,23,0,0
BRDA:372,23,1,0
BRDA:376,24,0,0
BRDA:376,24,1,0
BRDA:380,25,0,0
BRDA:380,25,1,0
BRDA:387,26,0,0
BRDA:387,26,1,0
BRDA:452,27,0,0
BRDA:452,27,1,0
BRDA:454,28,0,0
BRDA:454,28,1,0
BRDA:458,29,0,0
BRDA:458,29,1,0
BRDA:481,30,0,0
BRDA:481,30,1,0
BRDA:483,31,0,0
BRDA:483,31,1,0
BRDA:486,32,0,0
BRDA:486,32,1,0
BRDA:498,33,0,0
BRDA:498,33,1,0
BRDA:600,34,0,0
BRDA:600,34,1,0
BRDA:612,35,0,0
BRDA:612,35,1,0
BRDA:632,36,0,0
BRDA:632,36,1,0
BRDA:635,37,0,0
BRDA:635,37,1,0
BRDA:649,38,0,0
BRDA:649,38,1,0
BRDA:655,39,0,0
BRDA:655,39,1,0
BRDA:656,40,0,0
BRDA:656,40,1,0
BRDA:660,41,0,0
BRDA:660,41,1,0
BRDA:666,42,0,0
BRDA:666,42,1,0
BRDA:672,43,0,0
BRDA:672,43,1,0
BRDA:678,44,0,0
BRDA:678,44,1,0
BRDA:686,45,0,0
BRDA:686,45,1,0
BRDA:699,46,0,0
BRDA:699,46,1,0
BRDA:702,47,0,0
BRDA:702,47,1,0
BRDA:704,48,0,0
BRDA:704,48,1,0
BRDA:704,49,0,0
BRDA:704,49,1,0
BRDA:711,50,0,0
BRDA:711,50,1,0
BRDA:722,51,0,0
BRDA:722,51,1,0
BRDA:731,52,0,0
BRDA:731,52,1,0
BRDA:737,53,0,0
BRDA:737,53,1,0
BRDA:738,54,0,0
BRDA:738,54,1,0
BRDA:778,55,0,0
BRDA:778,55,1,0
BRDA:778,55,2,0
BRDA:785,56,0,0
BRDA:785,56,1,0
BRDA:792,57,0,0
BRDA:792,57,1,0
BRDA:797,58,0,0
BRDA:797,58,1,0
BRDA:804,59,0,0
BRDA:804,59,1,0
BRDA:821,60,0,0
BRDA:821,60,1,0
BRDA:824,61,0,0
BRDA:824,61,1,0
BRDA:826,62,0,0
BRDA:826,62,1,0
BRDA:826,63,0,0
BRDA:826,63,1,0
BRDA:833,64,0,0
BRDA:833,64,1,0
BRDA:837,65,0,0
BRDA:837,65,1,0
BRDA:838,66,0,0
BRDA:838,66,1,0
BRDA:853,67,0,0
BRDA:853,67,1,0
BRDA:886,68,0,0
BRDA:886,68,1,0
BRDA:889,69,0,0
BRDA:889,69,1,0
BRDA:891,70,0,0
BRDA:891,70,1,0
BRDA:891,71,0,0
BRDA:891,71,1,0
BRDA:898,72,0,0
BRDA:898,72,1,0
BRDA:918,73,0,0
BRDA:918,73,1,0
BRF:149
BRH:0
end_of_record
TN:
SF:src\pages\AiCoach.js
FN:19,(anonymous_0)
FN:48,(anonymous_1)
FN:67,(anonymous_2)
FN:75,(anonymous_3)
FN:91,(anonymous_4)
FN:107,(anonymous_5)
FN:119,(anonymous_6)
FN:121,(anonymous_7)
FN:125,(anonymous_8)
FN:128,(anonymous_9)
FN:129,(anonymous_10)
FN:175,(anonymous_11)
FN:193,(anonymous_12)
FN:219,(anonymous_13)
FN:255,(anonymous_14)
FN:296,(anonymous_15)
FN:338,(anonymous_16)
FN:352,(anonymous_17)
FN:389,(anonymous_18)
FN:392,(anonymous_19)
FN:446,(anonymous_20)
FN:449,(anonymous_21)
FN:472,(anonymous_22)
FN:531,(anonymous_23)
FN:534,(anonymous_24)
FN:556,(anonymous_25)
FN:614,(anonymous_26)
FN:664,(anonymous_27)
FN:709,(anonymous_28)
FN:764,(anonymous_29)
FN:767,(anonymous_30)
FN:789,(anonymous_31)
FN:857,(anonymous_32)
FN:913,(anonymous_33)
FN:930,(anonymous_34)
FN:938,(anonymous_35)
FN:954,(anonymous_36)
FN:969,(anonymous_37)
FN:1000,(anonymous_38)
FN:1135,(anonymous_39)
FN:1248,(anonymous_40)
FN:1267,(anonymous_41)
FN:1294,(anonymous_42)
FN:1331,(anonymous_43)
FN:1373,(anonymous_44)
FN:1421,(anonymous_45)
FN:1427,(anonymous_46)
FN:1436,(anonymous_47)
FN:1518,(anonymous_48)
FN:1524,(anonymous_49)
FN:1529,(anonymous_50)
FN:1536,(anonymous_51)
FN:1544,(anonymous_52)
FN:1545,(anonymous_53)
FN:1555,(anonymous_54)
FN:1561,(anonymous_55)
FN:1562,(anonymous_56)
FN:1628,(anonymous_57)
FN:1637,(anonymous_58)
FN:1644,(anonymous_59)
FN:1648,(anonymous_60)
FN:1657,(anonymous_61)
FN:1688,(anonymous_62)
FN:1720,(anonymous_63)
FN:1746,(anonymous_64)
FN:1836,(anonymous_65)
FN:1849,(anonymous_66)
FN:1866,(anonymous_67)
FN:1947,(anonymous_68)
FN:2007,(anonymous_69)
FN:2033,(anonymous_70)
FN:2055,(anonymous_71)
FN:2056,(anonymous_72)
FN:2117,(anonymous_73)
FN:2141,(anonymous_74)
FN:2280,(anonymous_75)
FN:2303,(anonymous_76)
FN:2320,(anonymous_77)
FN:2341,(anonymous_78)
FN:2396,(anonymous_79)
FN:2487,(anonymous_80)
FN:2497,(anonymous_81)
FN:2525,(anonymous_82)
FN:2543,(anonymous_83)
FN:2547,(anonymous_84)
FN:2553,(anonymous_85)
FN:2558,(anonymous_86)
FN:2578,(anonymous_87)
FN:2606,(anonymous_88)
FN:2656,(anonymous_89)
FN:2661,(anonymous_90)
FN:2684,(anonymous_91)
FN:2866,(anonymous_92)
FN:2931,(anonymous_93)
FN:2959,(anonymous_94)
FN:2969,(anonymous_95)
FN:3000,(anonymous_96)
FN:3025,(anonymous_97)
FN:3039,(anonymous_98)
FN:3052,(anonymous_99)
FN:3129,(anonymous_100)
FN:3135,(anonymous_101)
FN:3138,(anonymous_102)
FN:3141,(anonymous_103)
FN:3145,(anonymous_104)
FN:3146,(anonymous_105)
FN:3155,(anonymous_106)
FN:3157,(anonymous_107)
FN:3158,(anonymous_108)
FN:3168,(anonymous_109)
FN:3178,(anonymous_110)
FN:3204,(anonymous_111)
FN:3231,(anonymous_112)
FN:3232,(anonymous_113)
FN:3252,(anonymous_114)
FN:3263,(anonymous_115)
FN:3264,(anonymous_116)
FN:3276,(anonymous_117)
FN:3285,(anonymous_118)
FN:3314,(anonymous_119)
FN:3387,(anonymous_120)
FN:3391,(anonymous_121)
FN:3392,(anonymous_122)
FN:3457,(anonymous_123)
FN:3504,(anonymous_124)
FN:3508,(anonymous_125)
FN:3520,(anonymous_126)
FN:3562,(anonymous_127)
FN:3569,(anonymous_128)
FN:3612,(anonymous_129)
FN:3618,(anonymous_130)
FN:3654,(anonymous_131)
FN:3660,(anonymous_132)
FN:3665,(anonymous_133)
FN:3674,(anonymous_134)
FN:3736,(anonymous_135)
FN:3740,(anonymous_136)
FN:3746,(anonymous_137)
FN:3750,(anonymous_138)
FN:3759,(anonymous_139)
FN:3760,(anonymous_140)
FN:3768,(anonymous_141)
FN:3791,(anonymous_142)
FN:3797,(anonymous_143)
FN:3800,(anonymous_144)
FN:3800,(anonymous_145)
FN:3803,(anonymous_146)
FN:3807,(anonymous_147)
FN:3808,(anonymous_148)
FN:3823,(anonymous_149)
FN:3831,(anonymous_150)
FN:3840,(anonymous_151)
FN:3845,(anonymous_152)
FN:3851,(anonymous_153)
FN:3859,(anonymous_154)
FN:3860,(anonymous_155)
FN:3877,(anonymous_156)
FN:3880,(anonymous_157)
FN:3894,(anonymous_158)
FN:3907,(anonymous_159)
FN:3920,(anonymous_160)
FN:3922,(anonymous_161)
FN:3947,(anonymous_162)
FN:3949,(anonymous_163)
FN:3952,(anonymous_164)
FN:3986,(anonymous_165)
FN:3991,(anonymous_166)
FN:3997,(anonymous_167)
FN:4005,(anonymous_168)
FN:4006,(anonymous_169)
FN:4009,(anonymous_170)
FN:4041,(anonymous_171)
FN:4045,(anonymous_172)
FN:4049,(anonymous_173)
FN:4069,(anonymous_174)
FN:4071,(anonymous_175)
FN:4094,(anonymous_176)
FN:4139,(anonymous_177)
FN:4157,(anonymous_178)
FN:4166,(anonymous_179)
FN:4248,(anonymous_180)
FN:4256,(anonymous_181)
FN:4331,(anonymous_182)
FN:4340,(anonymous_183)
FN:4364,(anonymous_184)
FN:4374,(anonymous_185)
FN:4381,(anonymous_186)
FN:4395,(anonymous_187)
FN:4414,(anonymous_188)
FN:4421,(anonymous_189)
FN:4450,(anonymous_190)
FN:4451,(anonymous_191)
FN:4462,(anonymous_192)
FN:4464,(anonymous_193)
FN:4467,(anonymous_194)
FN:4490,(anonymous_195)
FN:4492,(anonymous_196)
FN:4498,(anonymous_197)
FN:4640,(anonymous_198)
FN:4663,(anonymous_199)
FN:4665,(anonymous_200)
FN:4679,(anonymous_201)
FN:4694,(anonymous_202)
FN:4719,(anonymous_203)
FN:4735,(anonymous_204)
FN:4756,(anonymous_205)
FN:4760,(anonymous_206)
FN:4764,(anonymous_207)
FN:4781,(anonymous_208)
FN:4783,(anonymous_209)
FN:4806,(anonymous_210)
FN:4838,(anonymous_211)
FN:4867,(anonymous_212)
FN:4914,(anonymous_213)
FN:4951,(anonymous_214)
FN:4982,(anonymous_215)
FN:4996,(anonymous_216)
FN:5053,(anonymous_217)
FN:5069,(anonymous_218)
FN:5080,(anonymous_219)
FN:5087,(anonymous_220)
FN:5099,(anonymous_221)
FN:5103,(anonymous_222)
FN:5104,(anonymous_223)
FN:5110,(anonymous_224)
FN:5111,(anonymous_225)
FN:5133,(anonymous_226)
FN:5144,(anonymous_227)
FN:5197,(anonymous_228)
FN:5220,(anonymous_229)
FN:5303,(anonymous_230)
FN:5347,(anonymous_231)
FN:5351,(anonymous_232)
FN:5369,(anonymous_233)
FN:5381,(anonymous_234)
FN:5454,(anonymous_235)
FN:5458,(anonymous_236)
FN:5468,(anonymous_237)
FN:5477,(anonymous_238)
FN:5506,(anonymous_239)
FN:5556,(anonymous_240)
FN:5559,(anonymous_241)
FN:5570,(anonymous_242)
FN:5572,(anonymous_243)
FN:5578,(anonymous_244)
FN:5613,(anonymous_245)
FN:5680,(anonymous_246)
FN:5681,(anonymous_247)
FN:5689,(anonymous_248)
FN:5854,(anonymous_249)
FN:5863,(anonymous_250)
FN:5876,(anonymous_251)
FN:5885,(anonymous_252)
FN:5889,(anonymous_253)
FN:5900,(anonymous_254)
FN:5904,(anonymous_255)
FN:5905,(anonymous_256)
FN:5912,(anonymous_257)
FN:5923,(anonymous_258)
FN:5934,(anonymous_259)
FN:6185,(anonymous_260)
FN:6246,(anonymous_261)
FN:6270,(anonymous_262)
FN:6277,(anonymous_263)
FN:6278,(anonymous_264)
FN:6285,(anonymous_265)
FN:6288,(anonymous_266)
FN:6292,(anonymous_267)
FN:6293,(anonymous_268)
FN:6294,(anonymous_269)
FN:6299,(anonymous_270)
FN:6305,(anonymous_271)
FN:6316,(anonymous_272)
FN:6329,(anonymous_273)
FN:6335,(anonymous_274)
FN:6406,(anonymous_275)
FN:6414,(anonymous_276)
FN:6437,(anonymous_277)
FN:6449,(anonymous_278)
FN:6461,(anonymous_279)
FN:6501,(anonymous_280)
FN:6507,(anonymous_281)
FN:6534,(anonymous_282)
FN:6545,(anonymous_283)
FN:6692,(anonymous_284)
FN:6768,(anonymous_285)
FN:6829,(anonymous_286)
FN:6832,(anonymous_287)
FN:6850,(anonymous_288)
FN:6851,(anonymous_289)
FN:6907,(anonymous_290)
FN:7007,(anonymous_291)
FN:7011,(anonymous_292)
FN:7024,(anonymous_293)
FN:7048,(anonymous_294)
FN:7070,(anonymous_295)
FN:7071,(anonymous_296)
FN:7072,(anonymous_297)
FN:7077,(anonymous_298)
FN:7107,(anonymous_299)
FN:7112,(anonymous_300)
FN:7138,(anonymous_301)
FN:7170,(anonymous_302)
FN:7176,(anonymous_303)
FN:7205,(anonymous_304)
FN:7210,(anonymous_305)
FN:7236,(anonymous_306)
FN:7331,(anonymous_307)
FN:7332,(anonymous_308)
FN:7333,(anonymous_309)
FN:7338,(anonymous_310)
FN:7369,(anonymous_311)
FN:7407,(anonymous_312)
FN:7413,(anonymous_313)
FN:7468,(anonymous_314)
FN:7497,(anonymous_315)
FN:7511,(anonymous_316)
FN:7557,(anonymous_317)
FN:7573,(anonymous_318)
FN:7615,(anonymous_319)
FN:7747,(anonymous_320)
FN:7775,(anonymous_321)
FN:7781,(anonymous_322)
FN:7891,(anonymous_323)
FN:8033,(anonymous_324)
FN:8039,(anonymous_325)
FN:8063,(anonymous_326)
FN:8090,(anonymous_327)
FN:8096,(anonymous_328)
FN:8115,(anonymous_329)
FN:8163,(anonymous_330)
FN:8170,(anonymous_331)
FN:8189,(anonymous_332)
FN:8245,(anonymous_333)
FN:8252,(anonymous_334)
FN:8272,(anonymous_335)
FN:8326,(anonymous_336)
FN:8345,(anonymous_337)
FN:8366,(anonymous_338)
FN:8397,(anonymous_339)
FN:8405,(anonymous_340)
FN:8473,(anonymous_341)
FN:8480,(anonymous_342)
FN:8494,(anonymous_343)
FN:8500,(anonymous_344)
FN:8542,(anonymous_345)
FN:8560,(anonymous_346)
FN:8621,(anonymous_347)
FN:8645,(anonymous_348)
FN:8663,(anonymous_349)
FNF:350
FNH:0
FNDA:0,(anonymous_0)
FNDA:0,(anonymous_1)
FNDA:0,(anonymous_2)
FNDA:0,(anonymous_3)
FNDA:0,(anonymous_4)
FNDA:0,(anonymous_5)
FNDA:0,(anonymous_6)
FNDA:0,(anonymous_7)
FNDA:0,(anonymous_8)
FNDA:0,(anonymous_9)
FNDA:0,(anonymous_10)
FNDA:0,(anonymous_11)
FNDA:0,(anonymous_12)
FNDA:0,(anonymous_13)
FNDA:0,(anonymous_14)
FNDA:0,(anonymous_15)
FNDA:0,(anonymous_16)
FNDA:0,(anonymous_17)
FNDA:0,(anonymous_18)
FNDA:0,(anonymous_19)
FNDA:0,(anonymous_20)
FNDA:0,(anonymous_21)
FNDA:0,(anonymous_22)
FNDA:0,(anonymous_23)
FNDA:0,(anonymous_24)
FNDA:0,(anonymous_25)
FNDA:0,(anonymous_26)
FNDA:0,(anonymous_27)
FNDA:0,(anonymous_28)
FNDA:0,(anonymous_29)
FNDA:0,(anonymous_30)
FNDA:0,(anonymous_31)
FNDA:0,(anonymous_32)
FNDA:0,(anonymous_33)
FNDA:0,(anonymous_34)
FNDA:0,(anonymous_35)
FNDA:0,(anonymous_36)
FNDA:0,(anonymous_37)
FNDA:0,(anonymous_38)
FNDA:0,(anonymous_39)
FNDA:0,(anonymous_40)
FNDA:0,(anonymous_41)
FNDA:0,(anonymous_42)
FNDA:0,(anonymous_43)
FNDA:0,(anonymous_44)
FNDA:0,(anonymous_45)
FNDA:0,(anonymous_46)
FNDA:0,(anonymous_47)
FNDA:0,(anonymous_48)
FNDA:0,(anonymous_49)
FNDA:0,(anonymous_50)
FNDA:0,(anonymous_51)
FNDA:0,(anonymous_52)
FNDA:0,(anonymous_53)
FNDA:0,(anonymous_54)
FNDA:0,(anonymous_55)
FNDA:0,(anonymous_56)
FNDA:0,(anonymous_57)
FNDA:0,(anonymous_58)
FNDA:0,(anonymous_59)
FNDA:0,(anonymous_60)
FNDA:0,(anonymous_61)
FNDA:0,(anonymous_62)
FNDA:0,(anonymous_63)
FNDA:0,(anonymous_64)
FNDA:0,(anonymous_65)
FNDA:0,(anonymous_66)
FNDA:0,(anonymous_67)
FNDA:0,(anonymous_68)
FNDA:0,(anonymous_69)
FNDA:0,(anonymous_70)
FNDA:0,(anonymous_71)
FNDA:0,(anonymous_72)
FNDA:0,(anonymous_73)
FNDA:0,(anonymous_74)
FNDA:0,(anonymous_75)
FNDA:0,(anonymous_76)
FNDA:0,(anonymous_77)
FNDA:0,(anonymous_78)
FNDA:0,(anonymous_79)
FNDA:0,(anonymous_80)
FNDA:0,(anonymous_81)
FNDA:0,(anonymous_82)
FNDA:0,(anonymous_83)
FNDA:0,(anonymous_84)
FNDA:0,(anonymous_85)
FNDA:0,(anonymous_86)
FNDA:0,(anonymous_87)
FNDA:0,(anonymous_88)
FNDA:0,(anonymous_89)
FNDA:0,(anonymous_90)
FNDA:0,(anonymous_91)
FNDA:0,(anonymous_92)
FNDA:0,(anonymous_93)
FNDA:0,(anonymous_94)
FNDA:0,(anonymous_95)
FNDA:0,(anonymous_96)
FNDA:0,(anonymous_97)
FNDA:0,(anonymous_98)
FNDA:0,(anonymous_99)
FNDA:0,(anonymous_100)
FNDA:0,(anonymous_101)
FNDA:0,(anonymous_102)
FNDA:0,(anonymous_103)
FNDA:0,(anonymous_104)
FNDA:0,(anonymous_105)
FNDA:0,(anonymous_106)
FNDA:0,(anonymous_107)
FNDA:0,(anonymous_108)
FNDA:0,(anonymous_109)
FNDA:0,(anonymous_110)
FNDA:0,(anonymous_111)
FNDA:0,(anonymous_112)
FNDA:0,(anonymous_113)
FNDA:0,(anonymous_114)
FNDA:0,(anonymous_115)
FNDA:0,(anonymous_116)
FNDA:0,(anonymous_117)
FNDA:0,(anonymous_118)
FNDA:0,(anonymous_119)
FNDA:0,(anonymous_120)
FNDA:0,(anonymous_121)
FNDA:0,(anonymous_122)
FNDA:0,(anonymous_123)
FNDA:0,(anonymous_124)
FNDA:0,(anonymous_125)
FNDA:0,(anonymous_126)
FNDA:0,(anonymous_127)
FNDA:0,(anonymous_128)
FNDA:0,(anonymous_129)
FNDA:0,(anonymous_130)
FNDA:0,(anonymous_131)
FNDA:0,(anonymous_132)
FNDA:0,(anonymous_133)
FNDA:0,(anonymous_134)
FNDA:0,(anonymous_135)
FNDA:0,(anonymous_136)
FNDA:0,(anonymous_137)
FNDA:0,(anonymous_138)
FNDA:0,(anonymous_139)
FNDA:0,(anonymous_140)
FNDA:0,(anonymous_141)
FNDA:0,(anonymous_142)
FNDA:0,(anonymous_143)
FNDA:0,(anonymous_144)
FNDA:0,(anonymous_145)
FNDA:0,(anonymous_146)
FNDA:0,(anonymous_147)
FNDA:0,(anonymous_148)
FNDA:0,(anonymous_149)
FNDA:0,(anonymous_150)
FNDA:0,(anonymous_151)
FNDA:0,(anonymous_152)
FNDA:0,(anonymous_153)
FNDA:0,(anonymous_154)
FNDA:0,(anonymous_155)
FNDA:0,(anonymous_156)
FNDA:0,(anonymous_157)
FNDA:0,(anonymous_158)
FNDA:0,(anonymous_159)
FNDA:0,(anonymous_160)
FNDA:0,(anonymous_161)
FNDA:0,(anonymous_162)
FNDA:0,(anonymous_163)
FNDA:0,(anonymous_164)
FNDA:0,(anonymous_165)
FNDA:0,(anonymous_166)
FNDA:0,(anonymous_167)
FNDA:0,(anonymous_168)
FNDA:0,(anonymous_169)
FNDA:0,(anonymous_170)
FNDA:0,(anonymous_171)
FNDA:0,(anonymous_172)
FNDA:0,(anonymous_173)
FNDA:0,(anonymous_174)
FNDA:0,(anonymous_175)
FNDA:0,(anonymous_176)
FNDA:0,(anonymous_177)
FNDA:0,(anonymous_178)
FNDA:0,(anonymous_179)
FNDA:0,(anonymous_180)
FNDA:0,(anonymous_181)
FNDA:0,(anonymous_182)
FNDA:0,(anonymous_183)
FNDA:0,(anonymous_184)
FNDA:0,(anonymous_185)
FNDA:0,(anonymous_186)
FNDA:0,(anonymous_187)
FNDA:0,(anonymous_188)
FNDA:0,(anonymous_189)
FNDA:0,(anonymous_190)
FNDA:0,(anonymous_191)
FNDA:0,(anonymous_192)
FNDA:0,(anonymous_193)
FNDA:0,(anonymous_194)
FNDA:0,(anonymous_195)
FNDA:0,(anonymous_196)
FNDA:0,(anonymous_197)
FNDA:0,(anonymous_198)
FNDA:0,(anonymous_199)
FNDA:0,(anonymous_200)
FNDA:0,(anonymous_201)
FNDA:0,(anonymous_202)
FNDA:0,(anonymous_203)
FNDA:0,(anonymous_204)
FNDA:0,(anonymous_205)
FNDA:0,(anonymous_206)
FNDA:0,(anonymous_207)
FNDA:0,(anonymous_208)
FNDA:0,(anonymous_209)
FNDA:0,(anonymous_210)
FNDA:0,(anonymous_211)
FNDA:0,(anonymous_212)
FNDA:0,(anonymous_213)
FNDA:0,(anonymous_214)
FNDA:0,(anonymous_215)
FNDA:0,(anonymous_216)
FNDA:0,(anonymous_217)
FNDA:0,(anonymous_218)
FNDA:0,(anonymous_219)
FNDA:0,(anonymous_220)
FNDA:0,(anonymous_221)
FNDA:0,(anonymous_222)
FNDA:0,(anonymous_223)
FNDA:0,(anonymous_224)
FNDA:0,(anonymous_225)
FNDA:0,(anonymous_226)
FNDA:0,(anonymous_227)
FNDA:0,(anonymous_228)
FNDA:0,(anonymous_229)
FNDA:0,(anonymous_230)
FNDA:0,(anonymous_231)
FNDA:0,(anonymous_232)
FNDA:0,(anonymous_233)
FNDA:0,(anonymous_234)
FNDA:0,(anonymous_235)
FNDA:0,(anonymous_236)
FNDA:0,(anonymous_237)
FNDA:0,(anonymous_238)
FNDA:0,(anonymous_239)
FNDA:0,(anonymous_240)
FNDA:0,(anonymous_241)
FNDA:0,(anonymous_242)
FNDA:0,(anonymous_243)
FNDA:0,(anonymous_244)
FNDA:0,(anonymous_245)
FNDA:0,(anonymous_246)
FNDA:0,(anonymous_247)
FNDA:0,(anonymous_248)
FNDA:0,(anonymous_249)
FNDA:0,(anonymous_250)
FNDA:0,(anonymous_251)
FNDA:0,(anonymous_252)
FNDA:0,(anonymous_253)
FNDA:0,(anonymous_254)
FNDA:0,(anonymous_255)
FNDA:0,(anonymous_256)
FNDA:0,(anonymous_257)
FNDA:0,(anonymous_258)
FNDA:0,(anonymous_259)
FNDA:0,(anonymous_260)
FNDA:0,(anonymous_261)
FNDA:0,(anonymous_262)
FNDA:0,(anonymous_263)
FNDA:0,(anonymous_264)
FNDA:0,(anonymous_265)
FNDA:0,(anonymous_266)
FNDA:0,(anonymous_267)
FNDA:0,(anonymous_268)
FNDA:0,(anonymous_269)
FNDA:0,(anonymous_270)
FNDA:0,(anonymous_271)
FNDA:0,(anonymous_272)
FNDA:0,(anonymous_273)
FNDA:0,(anonymous_274)
FNDA:0,(anonymous_275)
FNDA:0,(anonymous_276)
FNDA:0,(anonymous_277)
FNDA:0,(anonymous_278)
FNDA:0,(anonymous_279)
FNDA:0,(anonymous_280)
FNDA:0,(anonymous_281)
FNDA:0,(anonymous_282)
FNDA:0,(anonymous_283)
FNDA:0,(anonymous_284)
FNDA:0,(anonymous_285)
FNDA:0,(anonymous_286)
FNDA:0,(anonymous_287)
FNDA:0,(anonymous_288)
FNDA:0,(anonymous_289)
FNDA:0,(anonymous_290)
FNDA:0,(anonymous_291)
FNDA:0,(anonymous_292)
FNDA:0,(anonymous_293)
FNDA:0,(anonymous_294)
FNDA:0,(anonymous_295)
FNDA:0,(anonymous_296)
FNDA:0,(anonymous_297)
FNDA:0,(anonymous_298)
FNDA:0,(anonymous_299)
FNDA:0,(anonymous_300)
FNDA:0,(anonymous_301)
FNDA:0,(anonymous_302)
FNDA:0,(anonymous_303)
FNDA:0,(anonymous_304)
FNDA:0,(anonymous_305)
FNDA:0,(anonymous_306)
FNDA:0,(anonymous_307)
FNDA:0,(anonymous_308)
FNDA:0,(anonymous_309)
FNDA:0,(anonymous_310)
FNDA:0,(anonymous_311)
FNDA:0,(anonymous_312)
FNDA:0,(anonymous_313)
FNDA:0,(anonymous_314)
FNDA:0,(anonymous_315)
FNDA:0,(anonymous_316)
FNDA:0,(anonymous_317)
FNDA:0,(anonymous_318)
FNDA:0,(anonymous_319)
FNDA:0,(anonymous_320)
FNDA:0,(anonymous_321)
FNDA:0,(anonymous_322)
FNDA:0,(anonymous_323)
FNDA:0,(anonymous_324)
FNDA:0,(anonymous_325)
FNDA:0,(anonymous_326)
FNDA:0,(anonymous_327)
FNDA:0,(anonymous_328)
FNDA:0,(anonymous_329)
FNDA:0,(anonymous_330)
FNDA:0,(anonymous_331)
FNDA:0,(anonymous_332)
FNDA:0,(anonymous_333)
FNDA:0,(anonymous_334)
FNDA:0,(anonymous_335)
FNDA:0,(anonymous_336)
FNDA:0,(anonymous_337)
FNDA:0,(anonymous_338)
FNDA:0,(anonymous_339)
FNDA:0,(anonymous_340)
FNDA:0,(anonymous_341)
FNDA:0,(anonymous_342)
FNDA:0,(anonymous_343)
FNDA:0,(anonymous_344)
FNDA:0,(anonymous_345)
FNDA:0,(anonymous_346)
FNDA:0,(anonymous_347)
FNDA:0,(anonymous_348)
FNDA:0,(anonymous_349)
DA:19,0
DA:20,0
DA:21,0
DA:22,0
DA:23,0
DA:24,0
DA:26,0
DA:42,0
DA:43,0
DA:44,0
DA:45,0
DA:48,0
DA:49,0
DA:63,0
DA:67,0
DA:69,0
DA:70,0
DA:72,0
DA:73,0
DA:74,0
DA:75,0
DA:76,0
DA:77,0
DA:78,0
DA:82,0
DA:85,0
DA:86,0
DA:88,0
DA:89,0
DA:90,0
DA:91,0
DA:92,0
DA:93,0
DA:94,0
DA:98,0
DA:101,0
DA:102,0
DA:104,0
DA:105,0
DA:106,0
DA:107,0
DA:108,0
DA:109,0
DA:110,0
DA:114,0
DA:119,0
DA:121,0
DA:122,0
DA:125,0
DA:128,0
DA:129,0
DA:130,0
DA:136,0
DA:137,0
DA:141,0
DA:142,0
DA:143,0
DA:144,0
DA:148,0
DA:149,0
DA:150,0
DA:151,0
DA:155,0
DA:156,0
DA:157,0
DA:158,0
DA:162,0
DA:163,0
DA:164,0
DA:165,0
DA:166,0
DA:168,0
DA:171,0
DA:175,0
DA:176,0
DA:177,0
DA:180,0
DA:181,0
DA:182,0
DA:186,0
DA:187,0
DA:189,0
DA:193,0
DA:194,0
DA:196,0
DA:197,0
DA:198,0
DA:201,0
DA:202,0
DA:203,0
DA:206,0
DA:207,0
DA:208,0
DA:211,0
DA:212,0
DA:213,0
DA:216,0
DA:219,0
DA:220,0
DA:222,0
DA:223,0
DA:224,0
DA:227,0
DA:228,0
DA:229,0
DA:232,0
DA:233,0
DA:234,0
DA:235,0
DA:237,0
DA:238,0
DA:239,0
DA:241,0
DA:242,0
DA:243,0
DA:244,0
DA:246,0
DA:247,0
DA:248,0
DA:252,0
DA:255,0
DA:256,0
DA:258,0
DA:259,0
DA:260,0
DA:263,0
DA:264,0
DA:265,0
DA:268,0
DA:269,0
DA:270,0
DA:273,0
DA:274,0
DA:275,0
DA:276,0
DA:278,0
DA:279,0
DA:280,0
DA:282,0
DA:283,0
DA:284,0
DA:285,0
DA:287,0
DA:288,0
DA:289,0
DA:293,0
DA:296,0
DA:297,0
DA:299,0
DA:300,0
DA:301,0
DA:304,0
DA:305,0
DA:306,0
DA:309,0
DA:310,0
DA:311,0
DA:314,0
DA:315,0
DA:316,0
DA:317,0
DA:319,0
DA:320,0
DA:321,0
DA:323,0
DA:324,0
DA:325,0
DA:326,0
DA:328,0
DA:329,0
DA:330,0
DA:334,0
DA:338,0
DA:339,0
DA:349,0
DA:352,0
DA:354,0
DA:355,0
DA:358,0
DA:390,0
DA:393,0
DA:447,0
DA:450,0
DA:473,0
DA:474,0
DA:532,0
DA:535,0
DA:557,0
DA:558,0
DA:614,0
DA:664,0
DA:709,0
DA:765,0
DA:768,0
DA:790,0
DA:791,0
DA:858,0
DA:913,0
DA:932,0
DA:933,0
DA:935,0
DA:936,0
DA:937,0
DA:938,0
DA:939,0
DA:940,0
DA:941,0
DA:945,0
DA:946,0
DA:948,0
DA:949,0
DA:951,0
DA:952,0
DA:953,0
DA:954,0
DA:955,0
DA:956,0
DA:957,0
DA:961,0
DA:963,0
DA:964,0
DA:966,0
DA:967,0
DA:968,0
DA:969,0
DA:970,0
DA:971,0
DA:972,0
DA:976,0
DA:978,0
DA:1000,0
DA:1001,0
DA:1002,0
DA:1003,0
DA:1006,0
DA:1009,0
DA:1012,0
DA:1020,0
DA:1021,0
DA:1024,0
DA:1025,0
DA:1026,0
DA:1027,0
DA:1028,0
DA:1029,0
DA:1030,0
DA:1031,0
DA:1032,0
DA:1033,0
DA:1034,0
DA:1035,0
DA:1036,0
DA:1037,0
DA:1038,0
DA:1039,0
DA:1040,0
DA:1041,0
DA:1042,0
DA:1043,0
DA:1044,0
DA:1054,0
DA:1055,0
DA:1056,0
DA:1057,0
DA:1058,0
DA:1059,0
DA:1060,0
DA:1061,0
DA:1062,0
DA:1063,0
DA:1066,0
DA:1067,0
DA:1068,0
DA:1069,0
DA:1070,0
DA:1071,0
DA:1078,0
DA:1079,0
DA:1080,0
DA:1081,0
DA:1082,0
DA:1083,0
DA:1084,0
DA:1085,0
DA:1088,0
DA:1089,0
DA:1090,0
DA:1091,0
DA:1092,0
DA:1093,0
DA:1094,0
DA:1095,0
DA:1096,0
DA:1097,0
DA:1098,0
DA:1099,0
DA:1100,0
DA:1101,0
DA:1102,0
DA:1103,0
DA:1104,0
DA:1105,0
DA:1106,0
DA:1107,0
DA:1108,0
DA:1109,0
DA:1110,0
DA:1111,0
DA:1112,0
DA:1113,0
DA:1114,0
DA:1128,0
DA:1129,0
DA:1130,0
DA:1131,0
DA:1132,0
DA:1135,0
DA:1137,0
DA:1201,0
DA:1238,0
DA:1239,0
DA:1240,0
DA:1241,0
DA:1242,0
DA:1243,0
DA:1244,0
DA:1248,0
DA:1249,0
DA:1250,0
DA:1253,0
DA:1254,0
DA:1255,0
DA:1259,0
DA:1260,0
DA:1262,0
DA:1267,0
DA:1268,0
DA:1270,0
DA:1271,0
DA:1272,0
DA:1275,0
DA:1276,0
DA:1277,0
DA:1280,0
DA:1281,0
DA:1282,0
DA:1285,0
DA:1286,0
DA:1287,0
DA:1290,0
DA:1294,0
DA:1295,0
DA:1297,0
DA:1298,0
DA:1299,0
DA:1302,0
DA:1303,0
DA:1304,0
DA:1307,0
DA:1308,0
DA:1309,0
DA:1310,0
DA:1312,0
DA:1313,0
DA:1314,0
DA:1316,0
DA:1317,0
DA:1318,0
DA:1319,0
DA:1321,0
DA:1322,0
DA:1323,0
DA:1327,0
DA:1331,0
DA:1332,0
DA:1334,0
DA:1335,0
DA:1336,0
DA:1339,0
DA:1340,0
DA:1341,0
DA:1344,0
DA:1345,0
DA:1346,0
DA:1349,0
DA:1350,0
DA:1351,0
DA:1352,0
DA:1354,0
DA:1355,0
DA:1356,0
DA:1358,0
DA:1359,0
DA:1360,0
DA:1361,0
DA:1363,0
DA:1364,0
DA:1365,0
DA:1369,0
DA:1373,0
DA:1374,0
DA:1376,0
DA:1377,0
DA:1378,0
DA:1381,0
DA:1382,0
DA:1383,0
DA:1386,0
DA:1387,0
DA:1388,0
DA:1391,0
DA:1392,0
DA:1393,0
DA:1394,0
DA:1396,0
DA:1397,0
DA:1398,0
DA:1400,0
DA:1401,0
DA:1402,0
DA:1403,0
DA:1405,0
DA:1406,0
DA:1407,0
DA:1411,0
DA:1415,0
DA:1416,0
DA:1417,0
DA:1418,0
DA:1421,0
DA:1422,0
DA:1423,0
DA:1427,0
DA:1428,0
DA:1429,0
DA:1436,0
DA:1437,0
DA:1438,0
DA:1440,0
DA:1442,0
DA:1443,0
DA:1444,0
DA:1445,0
DA:1446,0
DA:1449,0
DA:1450,0
DA:1452,0
DA:1453,0
DA:1456,0
DA:1457,0
DA:1463,0
DA:1464,0
DA:1465,0
DA:1467,0
DA:1468,0
DA:1470,0
DA:1471,0
DA:1474,0
DA:1475,0
DA:1479,0
DA:1480,0
DA:1481,0
DA:1482,0
DA:1484,0
DA:1485,0
DA:1486,0
DA:1487,0
DA:1488,0
DA:1489,0
DA:1490,0
DA:1491,0
DA:1492,0
DA:1493,0
DA:1494,0
DA:1497,0
DA:1498,0
DA:1499,0
DA:1503,0
DA:1504,0
DA:1505,0
DA:1506,0
DA:1507,0
DA:1511,0
DA:1514,0
DA:1515,0
DA:1516,0
DA:1518,0
DA:1519,0
DA:1524,0
DA:1525,0
DA:1526,0
DA:1527,0
DA:1529,0
DA:1530,0
DA:1536,0
DA:1537,0
DA:1538,0
DA:1539,0
DA:1544,0
DA:1545,0
DA:1546,0
DA:1550,0
DA:1553,0
DA:1555,0
DA:1556,0
DA:1561,0
DA:1562,0
DA:1563,0
DA:1564,0
DA:1565,0
DA:1566,0
DA:1567,0
DA:1568,0
DA:1569,0
DA:1571,0
DA:1574,0
DA:1575,0
DA:1578,0
DA:1581,0
DA:1585,0
DA:1594,0
DA:1628,0
DA:1629,0
DA:1630,0
DA:1631,0
DA:1633,0
DA:1637,0
DA:1638,0
DA:1644,0
DA:1645,0
DA:1648,0
DA:1649,0
DA:1657,0
DA:1658,0
DA:1663,0
DA:1664,0
DA:1665,0
DA:1666,0
DA:1667,0
DA:1668,0
DA:1669,0
DA:1670,0
DA:1671,0
DA:1672,0
DA:1673,0
DA:1674,0
DA:1675,0
DA:1676,0
DA:1677,0
DA:1678,0
DA:1680,0
DA:1681,0
DA:1684,0
DA:1688,0
DA:1689,0
DA:1694,0
DA:1696,0
DA:1697,0
DA:1699,0
DA:1700,0
DA:1702,0
DA:1703,0
DA:1705,0
DA:1708,0
DA:1712,0
DA:1713,0
DA:1716,0
DA:1720,0
DA:1721,0
DA:1722,0
DA:1723,0
DA:1726,0
DA:1727,0
DA:1728,0
DA:1729,0
DA:1730,0
DA:1733,0
DA:1734,0
DA:1735,0
DA:1737,0
DA:1739,0
DA:1741,0
DA:1746,0
DA:1747,0
DA:1749,0
DA:1750,0
DA:1751,0
DA:1754,0
DA:1755,0
DA:1764,0
DA:1765,0
DA:1768,0
DA:1770,0
DA:1777,0
DA:1822,0
DA:1824,0
DA:1825,0
DA:1828,0
DA:1829,0
DA:1831,0
DA:1836,0
DA:1838,0
DA:1839,0
DA:1842,0
DA:1844,0
DA:1849,0
DA:1851,0
DA:1852,0
DA:1853,0
DA:1857,0
DA:1858,0
DA:1861,0
DA:1862,0
DA:1866,0
DA:1867,0
DA:1868,0
DA:1871,0
DA:1872,0
DA:1876,0
DA:1878,0
DA:1882,0
DA:1883,0
DA:1887,0
DA:1888,0
DA:1892,0
DA:1893,0
DA:1905,0
DA:1909,0
DA:1910,0
DA:1911,0
DA:1913,0
DA:1914,0
DA:1915,0
DA:1916,0
DA:1917,0
DA:1918,0
DA:1920,0
DA:1925,0
DA:1926,0
DA:1929,0
DA:1930,0
DA:1931,0
DA:1936,0
DA:1943,0
DA:1947,0
DA:1948,0
DA:1949,0
DA:1950,0
DA:1953,0
DA:1954,0
DA:1955,0
DA:1958,0
DA:1959,0
DA:1960,0
DA:1963,0
DA:1964,0
DA:1965,0
DA:1968,0
DA:1969,0
DA:1970,0
DA:1973,0
DA:1974,0
DA:1975,0
DA:1978,0
DA:1979,0
DA:1983,0
DA:1985,0
DA:1986,0
DA:1988,0
DA:1989,0
DA:1991,0
DA:1992,0
DA:1994,0
DA:1995,0
DA:1997,0
DA:1998,0
DA:2001,0
DA:2003,0
DA:2007,0
DA:2008,0
DA:2009,0
DA:2012,0
DA:2013,0
DA:2017,0
DA:2018,0
DA:2026,0
DA:2033,0
DA:2034,0
DA:2035,0
DA:2036,0
DA:2038,0
DA:2039,0
DA:2041,0
DA:2047,0
DA:2049,0
DA:2050,0
DA:2055,0
DA:2056,0
DA:2057,0
DA:2059,0
DA:2062,0
DA:2070,0
DA:2078,0
DA:2085,0
DA:2088,0
DA:2095,0
DA:2103,0
DA:2113,0
DA:2117,0
DA:2118,0
DA:2119,0
DA:2121,0
DA:2122,0
DA:2134,0
DA:2136,0
DA:2137,0
DA:2141,0
DA:2142,0
DA:2144,0
DA:2146,0
DA:2147,0
DA:2148,0
DA:2149,0
DA:2150,0
DA:2154,0
DA:2167,0
DA:2180,0
DA:2181,0
DA:2184,0
DA:2185,0
DA:2187,0
DA:2188,0
DA:2189,0
DA:2190,0
DA:2193,0
DA:2199,0
DA:2207,0
DA:2208,0
DA:2211,0
DA:2212,0
DA:2213,0
DA:2215,0
DA:2217,0
DA:2218,0
DA:2220,0
DA:2221,0
DA:2223,0
DA:2224,0
DA:2227,0
DA:2228,0
DA:2229,0
DA:2230,0
DA:2234,0
DA:2236,0
DA:2237,0
DA:2240,0
DA:2241,0
DA:2242,0
DA:2243,0
DA:2247,0
DA:2248,0
DA:2249,0
DA:2250,0
DA:2251,0
DA:2254,0
DA:2256,0
DA:2257,0
DA:2258,0
DA:2259,0
DA:2260,0
DA:2262,0
DA:2264,0
DA:2265,0
DA:2266,0
DA:2267,0
DA:2268,0
DA:2270,0
DA:2271,0
DA:2272,0
DA:2277,0
DA:2280,0
DA:2281,0
DA:2282,0
DA:2285,0
DA:2288,0
DA:2289,0
DA:2290,0
DA:2291,0
DA:2292,0
DA:2294,0
DA:2298,0
DA:2299,0
DA:2303,0
DA:2304,0
DA:2305,0
DA:2306,0
DA:2308,0
DA:2320,0
DA:2321,0
DA:2322,0
DA:2323,0
DA:2326,0
DA:2327,0
DA:2328,0
DA:2329,0
DA:2330,0
DA:2333,0
DA:2334,0
DA:2336,0
DA:2338,0
DA:2339,0
DA:2340,0
DA:2341,0
DA:2342,0
DA:2343,0
DA:2347,0
DA:2348,0
DA:2351,0
DA:2354,0
DA:2356,0
DA:2358,0
DA:2359,0
DA:2360,0
DA:2363,0
DA:2364,0
DA:2365,0
DA:2370,0
DA:2372,0
DA:2373,0
DA:2374,0
DA:2378,0
DA:2379,0
DA:2380,0
DA:2381,0
DA:2382,0
DA:2386,0
DA:2389,0
DA:2390,0
DA:2392,0
DA:2396,0
DA:2397,0
DA:2398,0
DA:2400,0
DA:2402,0
DA:2403,0
DA:2406,0
DA:2409,0
DA:2410,0
DA:2413,0
DA:2414,0
DA:2417,0
DA:2420,0
DA:2422,0
DA:2423,0
DA:2424,0
DA:2442,0
DA:2443,0
DA:2444,0
DA:2447,0
DA:2448,0
DA:2449,0
DA:2450,0
DA:2453,0
DA:2456,0
DA:2471,0
DA:2477,0
DA:2478,0
DA:2479,0
DA:2480,0
DA:2481,0
DA:2483,0
DA:2485,0
DA:2486,0
DA:2487,0
DA:2491,0
DA:2492,0
DA:2497,0
DA:2498,0
DA:2499,0
DA:2500,0
DA:2501,0
DA:2502,0
DA:2503,0
DA:2504,0
DA:2521,0
DA:2525,0
DA:2526,0
DA:2527,0
DA:2529,0
DA:2534,0
DA:2535,0
DA:2538,0
DA:2540,0
DA:2541,0
DA:2542,0
DA:2543,0
DA:2545,0
DA:2546,0
DA:2547,0
DA:2550,0
DA:2551,0
DA:2552,0
DA:2553,0
DA:2558,0
DA:2559,0
DA:2562,0
DA:2563,0
DA:2564,0
DA:2565,0
DA:2568,0
DA:2569,0
DA:2573,0
DA:2576,0
DA:2577,0
DA:2578,0
DA:2579,0
DA:2583,0
DA:2584,0
DA:2587,0
DA:2589,0
DA:2590,0
DA:2594,0
DA:2595,0
DA:2596,0
DA:2600,0
DA:2601,0
DA:2602,0
DA:2606,0
DA:2608,0
DA:2610,0
DA:2630,0
DA:2631,0
DA:2632,0
DA:2635,0
DA:2636,0
DA:2638,0
DA:2639,0
DA:2640,0
DA:2643,0
DA:2644,0
DA:2647,0
DA:2648,0
DA:2649,0
DA:2651,0
DA:2654,0
DA:2655,0
DA:2656,0
DA:2661,0
DA:2662,0
DA:2663,0
DA:2665,0
DA:2667,0
DA:2668,0
DA:2672,0
DA:2673,0
DA:2674,0
DA:2675,0
DA:2676,0
DA:2677,0
DA:2678,0
DA:2679,0
DA:2680,0
DA:2681,0
DA:2684,0
DA:2685,0
DA:2686,0
DA:2689,0
DA:2690,0
DA:2706,0
DA:2707,0
DA:2708,0
DA:2709,0
DA:2712,0
DA:2713,0
DA:2714,0
DA:2715,0
DA:2716,0
DA:2717,0
DA:2718,0
DA:2720,0
DA:2721,0
DA:2722,0
DA:2724,0
DA:2725,0
DA:2726,0
DA:2727,0
DA:2730,0
DA:2731,0
DA:2734,0
DA:2736,0
DA:2737,0
DA:2738,0
DA:2741,0
DA:2742,0
DA:2743,0
DA:2746,0
DA:2747,0
DA:2748,0
DA:2749,0
DA:2750,0
DA:2751,0
DA:2752,0
DA:2753,0
DA:2754,0
DA:2755,0
DA:2757,0
DA:2759,0
DA:2763,0
DA:2767,0
DA:2770,0
DA:2771,0
DA:2772,0
DA:2774,0
DA:2775,0
DA:2779,0
DA:2780,0
DA:2781,0
DA:2786,0
DA:2789,0
DA:2791,0
DA:2794,0
DA:2795,0
DA:2796,0
DA:2799,0
DA:2800,0
DA:2801,0
DA:2802,0
DA:2803,0
DA:2804,0
DA:2805,0
DA:2806,0
DA:2807,0
DA:2808,0
DA:2810,0
DA:2812,0
DA:2816,0
DA:2818,0
DA:2820,0
DA:2823,0
DA:2824,0
DA:2825,0
DA:2828,0
DA:2829,0
DA:2830,0
DA:2831,0
DA:2832,0
DA:2833,0
DA:2834,0
DA:2835,0
DA:2836,0
DA:2837,0
DA:2839,0
DA:2841,0
DA:2845,0
DA:2849,0
DA:2850,0
DA:2851,0
DA:2854,0
DA:2855,0
DA:2856,0
DA:2857,0
DA:2859,0
DA:2865,0
DA:2866,0
DA:2871,0
DA:2872,0
DA:2873,0
DA:2874,0
DA:2877,0
DA:2878,0
DA:2881,0
DA:2882,0
DA:2883,0
DA:2884,0
DA:2886,0
DA:2889,0
DA:2894,0
DA:2897,0
DA:2898,0
DA:2901,0
DA:2904,0
DA:2905,0
DA:2906,0
DA:2907,0
DA:2908,0
DA:2911,0
DA:2931,0
DA:2938,0
DA:2939,0
DA:2944,0
DA:2945,0
DA:2946,0
DA:2947,0
DA:2948,0
DA:2949,0
DA:2950,0
DA:2951,0
DA:2952,0
DA:2953,0
DA:2955,0
DA:2957,0
DA:2958,0
DA:2959,0
DA:2962,0
DA:2963,0
DA:2964,0
DA:2969,0
DA:2970,0
DA:2971,0
DA:2973,0
DA:2976,0
DA:2977,0
DA:2978,0
DA:2982,0
DA:2983,0
DA:2987,0
DA:2988,0
DA:2990,0
DA:2991,0
DA:2994,0
DA:2995,0
DA:2998,0
DA:2999,0
DA:3000,0
DA:3001,0
DA:3006,0
DA:3008,0
DA:3009,0
DA:3010,0
DA:3011,0
DA:3013,0
DA:3014,0
DA:3015,0
DA:3016,0
DA:3020,0
DA:3021,0
DA:3025,0
DA:3026,0
DA:3028,0
DA:3030,0
DA:3031,0
DA:3035,0
DA:3039,0
DA:3041,0
DA:3042,0
DA:3043,0
DA:3044,0
DA:3045,0
DA:3046,0
DA:3047,0
DA:3048,0
DA:3049,0
DA:3052,0
DA:3053,0
DA:3054,0
DA:3057,0
DA:3061,0
DA:3062,0
DA:3063,0
DA:3064,0
DA:3067,0
DA:3069,0
DA:3070,0
DA:3077,0
DA:3092,0
DA:3093,0
DA:3094,0
DA:3095,0
DA:3098,0
DA:3099,0
DA:3100,0
DA:3102,0
DA:3103,0
DA:3104,0
DA:3106,0
DA:3107,0
DA:3108,0
DA:3111,0
DA:3112,0
DA:3113,0
DA:3116,0
DA:3119,0
DA:3121,0
DA:3123,0
DA:3127,0
DA:3129,0
DA:3133,0
DA:3134,0
DA:3135,0
DA:3136,0
DA:3137,0
DA:3138,0
DA:3141,0
DA:3142,0
DA:3143,0
DA:3145,0
DA:3146,0
DA:3147,0
DA:3148,0
DA:3153,0
DA:3155,0
DA:3157,0
DA:3158,0
DA:3159,0
DA:3160,0
DA:3161,0
DA:3167,0
DA:3168,0
DA:3171,0
DA:3176,0
DA:3178,0
DA:3183,0
DA:3184,0
DA:3187,0
DA:3204,0
DA:3212,0
DA:3215,0
DA:3216,0
DA:3217,0
DA:3220,0
DA:3221,0
DA:3226,0
DA:3227,0
DA:3228,0
DA:3231,0
DA:3232,0
DA:3236,0
DA:3240,0
DA:3241,0
DA:3243,0
DA:3244,0
DA:3247,0
DA:3248,0
DA:3252,0
DA:3253,0
DA:3257,0
DA:3258,0
DA:3259,0
DA:3260,0
DA:3263,0
DA:3264,0
DA:3266,0
DA:3267,0
DA:3268,0
DA:3269,0
DA:3270,0
DA:3272,0
DA:3274,0
DA:3275,0
DA:3276,0
DA:3279,0
DA:3280,0
DA:3281,0
DA:3285,0
DA:3286,0
DA:3287,0
DA:3288,0
DA:3291,0
DA:3292,0
DA:3294,0
DA:3295,0
DA:3298,0
DA:3300,0
DA:3301,0
DA:3305,0
DA:3307,0
DA:3308,0
DA:3310,0
DA:3314,0
DA:3316,0
DA:3317,0
DA:3318,0
DA:3319,0
DA:3322,0
DA:3323,0
DA:3324,0
DA:3325,0
DA:3326,0
DA:3327,0
DA:3329,0
DA:3330,0
DA:3333,0
DA:3335,0
DA:3339,0
DA:3341,0
DA:3344,0
DA:3346,0
DA:3352,0
DA:3353,0
DA:3362,0
DA:3363,0
DA:3371,0
DA:3372,0
DA:3383,0
DA:3384,0
DA:3387,0
DA:3391,0
DA:3392,0
DA:3393,0
DA:3395,0
DA:3398,0
DA:3406,0
DA:3414,0
DA:3421,0
DA:3424,0
DA:3431,0
DA:3439,0
DA:3449,0
DA:3457,0
DA:3458,0
DA:3459,0
DA:3461,0
DA:3462,0
DA:3464,0
DA:3465,0
DA:3466,0
DA:3469,0
DA:3470,0
DA:3471,0
DA:3472,0
DA:3473,0
DA:3475,0
DA:3476,0
DA:3478,0
DA:3479,0
DA:3481,0
DA:3482,0
DA:3484,0
DA:3485,0
DA:3487,0
DA:3488,0
DA:3491,0
DA:3492,0
DA:3493,0
DA:3494,0
DA:3498,0
DA:3504,0
DA:3505,0
DA:3506,0
DA:3508,0
DA:3509,0
DA:3510,0
DA:3514,0
DA:3520,0
DA:3521,0
DA:3523,0
DA:3527,0
DA:3528,0
DA:3530,0
DA:3533,0
DA:3534,0
DA:3535,0
DA:3536,0
DA:3537,0
DA:3538,0
DA:3539,0
DA:3540,0
DA:3541,0
DA:3542,0
DA:3543,0
DA:3544,0
DA:3545,0
DA:3548,0
DA:3552,0
DA:3556,0
DA:3559,0
DA:3561,0
DA:3562,0
DA:3564,0
DA:3569,0
DA:3570,0
DA:3573,0
DA:3574,0
DA:3575,0
DA:3579,0
DA:3580,0
DA:3581,0
DA:3582,0
DA:3583,0
DA:3584,0
DA:3585,0
DA:3589,0
DA:3590,0
DA:3591,0
DA:3592,0
DA:3593,0
DA:3594,0
DA:3595,0
DA:3599,0
DA:3600,0
DA:3604,0
DA:3605,0
DA:3608,0
DA:3612,0
DA:3613,0
DA:3614,0
DA:3615,0
DA:3616,0
DA:3617,0
DA:3618,0
DA:3619,0
DA:3623,0
DA:3624,0
DA:3626,0
DA:3630,0
DA:3631,0
DA:3634,0
DA:3647,0
DA:3650,0
DA:3652,0
DA:3653,0
DA:3654,0
DA:3657,0
DA:3658,0
DA:3659,0
DA:3660,0
DA:3665,0
DA:3666,0
DA:3667,0
DA:3669,0
DA:3670,0
DA:3674,0
DA:3675,0
DA:3676,0
DA:3677,0
DA:3678,0
DA:3679,0
DA:3680,0
DA:3681,0
DA:3682,0
DA:3683,0
DA:3684,0
DA:3685,0
DA:3686,0
DA:3687,0
DA:3688,0
DA:3689,0
DA:3690,0
DA:3691,0
DA:3692,0
DA:3693,0
DA:3694,0
DA:3695,0
DA:3696,0
DA:3697,0
DA:3698,0
DA:3702,0
DA:3706,0
DA:3707,0
DA:3708,0
DA:3709,0
DA:3710,0
DA:3711,0
DA:3712,0
DA:3713,0
DA:3714,0
DA:3715,0
DA:3716,0
DA:3717,0
DA:3719,0
DA:3723,0
DA:3726,0
DA:3729,0
DA:3730,0
DA:3733,0
DA:3735,0
DA:3736,0
DA:3738,0
DA:3739,0
DA:3740,0
DA:3743,0
DA:3744,0
DA:3745,0
DA:3746,0
DA:3750,0
DA:3751,0
DA:3752,0
DA:3756,0
DA:3759,0
DA:3760,0
DA:3761,0
DA:3762,0
DA:3768,0
DA:3770,0
DA:3773,0
DA:3774,0
DA:3775,0
DA:3776,0
DA:3777,0
DA:3779,0
DA:3783,0
DA:3784,0
DA:3788,0
DA:3791,0
DA:3792,0
DA:3797,0
DA:3798,0
DA:3799,0
DA:3800,0
DA:3802,0
DA:3803,0
DA:3804,0
DA:3805,0
DA:3807,0
DA:3808,0
DA:3809,0
DA:3818,0
DA:3822,0
DA:3823,0
DA:3826,0
DA:3831,0
DA:3832,0
DA:3834,0
DA:3835,0
DA:3837,0
DA:3840,0
DA:3841,0
DA:3842,0
[...]
BRDA:1259,94,0,0
BRDA:1259,94,1,0
BRDA:1305,95,0,0
BRDA:1305,95,1,0
BRDA:1306,96,0,0
BRDA:1306,96,1,0
BRF:198
BRH:0
end_of_record
TN:
SF:src\services\googleCalendarService.js
FN:206,(anonymous_0)
FN:207,(anonymous_1)
FN:216,(anonymous_2)
FN:227,(anonymous_3)
FN:232,(anonymous_4)
FN:243,(anonymous_5)
FN:254,(anonymous_6)
FN:266,(anonymous_7)
FN:278,(anonymous_8)
FNF:9
FNH:0
FNDA:0,(anonymous_0)
FNDA:0,(anonymous_1)
FNDA:0,(anonymous_2)
FNDA:0,(anonymous_3)
FNDA:0,(anonymous_4)
FNDA:0,(anonymous_5)
FNDA:0,(anonymous_6)
FNDA:0,(anonymous_7)
FNDA:0,(anonymous_8)
DA:206,0
DA:207,0
DA:210,0
DA:214,0
DA:217,0
DA:218,0
DA:219,0
DA:221,0
DA:222,0
DA:228,0
DA:233,0
DA:234,0
DA:235,0
DA:237,0
DA:238,0
DA:244,0
DA:245,0
DA:246,0
DA:248,0
DA:249,0
DA:255,0
DA:257,0
DA:258,0
DA:260,0
DA:261,0
DA:267,0
DA:268,0
DA:269,0
DA:271,0
DA:272,0
DA:278,0
DA:280,0
DA:281,0
DA:282,0
DA:285,0
DA:286,0
LF:36
LH:0
BRF:0
BRH:0
end_of_record
TN:
SF:src\services\groceryListService.js
FN:15,(anonymous_0)
FN:37,(anonymous_1)
FN:48,(anonymous_2)
FN:59,(anonymous_3)
FN:89,(anonymous_4)
FN:120,(anonymous_5)
FNF:6
FNH:0
FNDA:0,(anonymous_0)
FNDA:0,(anonymous_1)
FNDA:0,(anonymous_2)
FNDA:0,(anonymous_3)
FNDA:0,(anonymous_4)
FNDA:0,(anonymous_5)
DA:15,0
DA:16,0
DA:17,0
DA:18,0
DA:19,0
DA:22,0
DA:23,0
DA:30,0
DA:32,0
DA:33,0
DA:37,0
DA:38,0
DA:39,0
DA:40,0
DA:41,0
DA:44,0
DA:45,0
DA:46,0
DA:48,0
DA:53,0
DA:54,0
DA:59,0
DA:60,0
DA:61,0
DA:62,0
DA:63,0
DA:66,0
DA:67,0
DA:69,0
DA:70,0
DA:73,0
DA:74,0
DA:75,0
DA:78,0
DA:83,0
DA:84,0
DA:89,0
DA:90,0
DA:91,0
DA:92,0
DA:93,0
DA:96,0
DA:97,0
DA:99,0
DA:100,0
DA:103,0
DA:104,0
DA:107,0
DA:112,0
DA:114,0
DA:115,0
DA:120,0
DA:121,0
DA:122,0
DA:123,0
DA:124,0
DA:127,0
DA:128,0
DA:130,0
DA:131,0
DA:134,0
DA:135,0
DA:138,0
DA:140,0
DA:141,0
LF:65
LH:0
BRDA:18,0,0,0
BRDA:18,0,1,0
BRDA:40,1,0,0
BRDA:40,1,1,0
BRDA:62,2,0,0
BRDA:62,2,1,0
BRDA:69,3,0,0
BRDA:69,3,1,0
BRDA:74,4,0,0
BRDA:74,4,1,0
BRDA:92,5,0,0
BRDA:92,5,1,0
BRDA:99,6,0,0
BRDA:99,6,1,0
BRDA:103,7,0,0
BRDA:103,7,1,0
BRDA:123,8,0,0
BRDA:123,8,1,0
BRDA:130,9,0,0
BRDA:130,9,1,0
BRDA:134,10,0,0
BRDA:134,10,1,0
BRF:22
BRH:0
end_of_record
TN:
SF:src\services\profileAnalyzer.js
FNF:0
FNH:0
LF:0
LH:0
BRF:0
BRH:0
end_of_record
TN:
SF:src\services\profileService.js
FNF:0
FNH:0
LF:0
LH:0
BRF:0
BRH:0
end_of_record
TN:
SF:src\services\seedData.js
FN:6,(anonymous_0)
FN:17,(anonymous_1)
FNF:2
FNH:0
FNDA:0,(anonymous_0)
FNDA:0,(anonymous_1)
DA:6,0
DA:7,0
DA:9,0
DA:11,0
DA:13,0
DA:14,0
DA:17,0
DA:19,0
DA:21,0
DA:22,0
DA:23,0
DA:24,0
DA:26,0
DA:27,0
DA:31,0
DA:32,0
DA:34,0
DA:37,0
LF:18
LH:0
BRDA:13,0,0,0
BRDA:13,0,1,0
BRF:2
BRH:0
end_of_record
TN:
SF:src\services\shopifyService.js
FN:34,(anonymous_0)
FN:58,(anonymous_1)
FN:161,(anonymous_2)
FN:237,(anonymous_3)
FN:319,(anonymous_4)
FN:364,(anonymous_5)
FN:414,(anonymous_6)
FN:423,(anonymous_7)
FN:468,(anonymous_8)
FNF:9
FNH:0
FNDA:0,(anonymous_0)
FNDA:0,(anonymous_1)
FNDA:0,(anonymous_2)
FNDA:0,(anonymous_3)
FNDA:0,(anonymous_4)
FNDA:0,(anonymous_5)
FNDA:0,(anonymous_6)
FNDA:0,(anonymous_7)
FNDA:0,(anonymous_8)
DA:4,0
DA:5,0
DA:6,0
DA:7,0
DA:10,0
DA:13,0
DA:16,0
DA:25,0
DA:34,0
DA:36,0
DA:39,0
DA:40,0
DA:41,0
DA:43,0
DA:44,0
DA:47,0
DA:48,0
DA:58,0
DA:59,0
DA:88,0
DA:92,0
DA:93,0
DA:97,0
DA:98,0
DA:102,0
DA:104,0
DA:106,0
DA:110,0
DA:113,0
DA:114,0
DA:116,0
DA:117,0
DA:118,0
DA:121,0
DA:124,0
DA:125,0
DA:126,0
DA:129,0
DA:130,0
DA:143,0
DA:146,0
DA:147,0
DA:150,0
DA:161,0
DA:162,0
DA:164,0
DA:182,0
DA:192,0
DA:193,0
DA:198,0
DA:200,0
DA:201,0
DA:204,0
DA:205,0
DA:206,0
DA:209,0
DA:210,0
DA:213,0
DA:215,0
DA:218,0
DA:219,0
DA:223,0
DA:224,0
DA:227,0
DA:237,0
DA:238,0
DA:254,0
DA:261,0
DA:262,0
DA:263,0
DA:268,0
DA:269,0
DA:271,0
DA:272,0
DA:273,0
DA:277,0
DA:279,0
DA:280,0
DA:283,0
DA:284,0
DA:287,0
DA:291,0
DA:292,0
DA:293,0
DA:297,0
DA:298,0
DA:301,0
DA:303,0
DA:306,0
DA:307,0
DA:310,0
DA:319,0
DA:320,0
DA:332,0
DA:333,0
DA:334,0
DA:336,0
DA:338,0
DA:339,0
DA:340,0
DA:343,0
DA:344,0
DA:346,0
DA:348,0
DA:351,0
DA:352,0
DA:355,0
DA:364,0
DA:365,0
DA:366,0
DA:370,0
DA:383,0
DA:387,0
DA:390,0
DA:401,0
DA:406,0
DA:409,0
DA:413,0
DA:414,0
DA:415,0
DA:421,0
DA:422,0
DA:423,0
DA:425,0
DA:428,0
DA:432,0
DA:446,0
DA:453,0
DA:458,0
DA:460,0
DA:461,0
DA:462,0
DA:465,0
DA:468,0
DA:469,0
DA:473,0
DA:475,0
DA:477,0
DA:479,0
DA:482,0
LF:140
LH:0
BRDA:36,0,0,0
BRDA:36,0,1,0
BRDA:40,1,0,0
BRDA:40,1,1,0
BRDA:41,2,0,0
BRDA:41,2,1,0
BRDA:116,3,0,0
BRDA:116,3,1,0
BRDA:116,4,0,0
BRDA:116,4,1,0
BRDA:124,5,0,0
BRDA:124,5,1,0
BRDA:133,6,0,0
BRDA:133,6,1,0
BRDA:134,7,0,0
BRDA:134,7,1,0
BRDA:135,8,0,0
BRDA:135,8,1,0
BRDA:146,9,0,0
BRDA:146,9,1,0
BRDA:161,10,0,0
BRDA:162,11,0,0
BRDA:162,12,0,0
BRDA:200,13,0,0
BRDA:200,13,1,0
BRDA:200,14,0,0
BRDA:200,14,1,0
BRDA:204,15,0,0
BRDA:204,15,1,0
BRDA:204,16,0,0
BRDA:204,16,1,0
BRDA:206,17,0,0
BRDA:206,17,1,0
BRDA:209,18,0,0
BRDA:209,18,1,0
BRDA:218,19,0,0
BRDA:218,19,1,0
BRDA:223,20,0,0
BRDA:223,20,1,0
BRDA:223,21,0,0
BRDA:223,21,1,0
BRDA:271,22,0,0
BRDA:271,22,1,0
BRDA:271,23,0,0
BRDA:271,23,1,0
BRDA:277,24,0,0
BRDA:277,24,1,0
BRDA:277,25,0,0
BRDA:277,25,1,0
BRDA:283,26,0,0
BRDA:283,26,1,0
BRDA:287,27,0,0
BRDA:287,27,1,0
BRDA:291,28,0,0
BRDA:291,28,1,0
BRDA:306,29,0,0
BRDA:306,29,1,0
BRDA:338,30,0,0
BRDA:338,30,1,0
BRDA:338,31,0,0
BRDA:338,31,1,0
BRDA:338,31,2,0
BRDA:351,32,0,0
BRDA:351,32,1,0
BRDA:409,33,0,0
BRDA:409,33,1,0
BRDA:409,34,0,0
BRDA:409,34,1,0
BRDA:409,34,2,0
BRDA:413,35,0,0
BRDA:413,35,1,0
BRDA:415,36,0,0
BRDA:415,36,1,0
BRDA:415,36,2,0
BRDA:460,37,0,0
BRDA:460,37,1,0
BRDA:460,38,0,0
BRDA:460,38,1,0
BRDA:460,38,2,0
BRF:79
BRH:0
end_of_record
TN:
SF:src\services\storageService.js
FN:16,(anonymous_0)
FN:83,(anonymous_1)
FN:156,(anonymous_2)
FN:197,(anonymous_3)
FN:221,(anonymous_4)
FNF:5
FNH:3
FNDA:2,(anonymous_0)
FNDA:0,(anonymous_1)
FNDA:3,(anonymous_2)
FNDA:0,(anonymous_3)
FNDA:6,(anonymous_4)
DA:6,1
DA:16,1
DA:17,2
DA:18,2
DA:19,1
DA:24,1
DA:25,1
DA:28,1
DA:31,1
DA:34,1
DA:37,1
DA:39,1
DA:41,0
DA:48,1
DA:57,1
DA:58,1
DA:63,1
DA:68,1
DA:70,1
DA:71,1
DA:83,1
DA:84,0
DA:85,0
DA:86,0
DA:89,0
DA:90,0
DA:91,0
DA:95,0
DA:98,0
DA:99,0
DA:100,0
DA:104,0
DA:107,0
DA:110,0
DA:113,0
DA:116,0
DA:118,0
DA:128,0
DA:130,0
DA:136,0
DA:144,0
DA:146,0
DA:147,0
DA:156,1
DA:157,3
DA:158,3
DA:159,1
DA:163,2
DA:164,2
DA:165,0
DA:166,0
DA:170,2
DA:171,2
DA:173,2
DA:174,1
DA:177,1
DA:182,1
DA:185,1
DA:187,0
DA:188,0
DA:197,1
DA:198,0
DA:199,0
DA:200,0
DA:203,0
DA:204,0
DA:206,0
DA:207,0
DA:210,0
DA:212,0
DA:213,0
DA:221,1
DA:222,6
DA:223,0
DA:225,6
LF:75
LH:37
BRDA:18,0,0,1
BRDA:18,0,1,1
BRDA:18,1,0,2
BRDA:18,1,1,1
BRDA:18,1,2,1
BRDA:39,2,0,0
BRDA:39,2,1,1
BRDA:83,3,0,0
BRDA:85,4,0,0
BRDA:85,4,1,0
BRDA:85,5,0,0
BRDA:85,5,1,0
BRDA:85,5,2,0
BRDA:99,6,0,0
BRDA:99,6,1,0
BRDA:120,7,0,0
BRDA:120,7,1,0
BRDA:128,8,0,0
BRDA:128,8,1,0
BRDA:158,9,0,1
BRDA:158,9,1,2
BRDA:164,10,0,0
BRDA:164,10,1,2
BRDA:164,11,0,2
BRDA:164,11,1,0
BRDA:173,12,0,1
BRDA:173,12,1,1
BRDA:173,13,0,2
BRDA:173,13,1,1
BRDA:199,14,0,0
BRDA:199,14,1,0
BRDA:206,15,0,0
BRDA:206,15,1,0
BRDA:206,16,0,0
BRDA:206,16,1,0
BRDA:221,17,0,6
BRDA:222,18,0,0
BRDA:222,18,1,6
BRF:38
BRH:16
end_of_record
TN:
SF:src\utils\Secure.js
FNF:0
FNH:0
DA:5,0
LF:1
LH:0
BRF:0
BRH:0
end_of_record
TN:
SF:src\utils\countryCodes.js
FN:25,(anonymous_0)
FN:26,(anonymous_1)
FN:29,(anonymous_2)
FN:55,(anonymous_3)
FN:63,(anonymous_4)
FNF:5
FNH:4
FNDA:7,(anonymous_0)
FNDA:50,(anonymous_1)
FNDA:3,(anonymous_2)
FNDA:2,(anonymous_3)
FNDA:0,(anonymous_4)
DA:2,1
DA:25,1
DA:26,50
DA:29,1
DA:30,3
DA:31,3
DA:34,3
DA:37,3
DA:38,1
DA:45,2
DA:46,1
DA:52,1
DA:55,1
DA:56,2
DA:57,2
DA:59,1
DA:60,1
DA:63,1
DA:65,0
DA:66,0
DA:69,0
LF:21
LH:18
BRDA:31,0,0,0
BRDA:31,0,1,3
BRDA:37,1,0,1
BRDA:37,1,1,2
BRDA:37,2,0,3
BRDA:37,2,1,2
BRDA:45,3,0,1
BRDA:45,3,1,1
BRDA:57,4,0,1
BRDA:57,4,1,1
BRDA:65,5,0,0
BRDA:65,5,1,0
BRDA:69,6,0,0
BRDA:69,6,1,0
BRF:14
BRH:9
end_of_record
TN:
SF:src\utils\mediaOptimizer.js
FN:8,(anonymous_0)
FN:9,(anonymous_1)
FN:15,(anonymous_2)
FN:18,(anonymous_3)
FN:31,(anonymous_4)
FN:32,(anonymous_5)
FN:37,(anonymous_6)
FN:46,(anonymous_7)
FN:51,(anonymous_8)
FN:64,(anonymous_9)
FN:88,(anonymous_10)
FN:89,(anonymous_11)
FN:93,(anonymous_12)
FN:98,(anonymous_13)
FNF:14
FNH:0
FNDA:0,(anonymous_0)
FNDA:0,(anonymous_1)
FNDA:0,(anonymous_2)
FNDA:0,(anonymous_3)
FNDA:0,(anonymous_4)
FNDA:0,(anonymous_5)
FNDA:0,(anonymous_6)
FNDA:0,(anonymous_7)
FNDA:0,(anonymous_8)
FNDA:0,(anonymous_9)
FNDA:0,(anonymous_10)
FNDA:0,(anonymous_11)
FNDA:0,(anonymous_12)
FNDA:0,(anonymous_13)
DA:8,0
DA:9,0
DA:10,0
DA:16,0
DA:19,0
DA:20,0
DA:31,0
DA:32,0
DA:33,0
DA:34,0
DA:35,0
DA:37,0
DA:38,0
DA:39,0
DA:42,0
DA:43,0
DA:46,0
DA:47,0
DA:48,0
DA:51,0
DA:52,0
DA:55,0
DA:64,0
DA:66,0
DA:67,0
DA:68,0
DA:72,0
DA:77,0
DA:88,0
DA:89,0
DA:90,0
DA:91,0
DA:93,0
DA:94,0
DA:95,0
DA:98,0
DA:99,0
DA:102,0
LF:38
LH:0
BRDA:67,0,0,0
BRDA:67,0,1,0
BRF:2
BRH:0
end_of_record
TN:
SF:src\utils\promptAnalyzer.js
FNF:0
FNH:0
LF:0
LH:0
BRF:0
BRH:0
end_of_record
TN:
SF:src\utils\promptParser.js
FN:3,(anonymous_0)
FN:233,(anonymous_1)
FN:311,(anonymous_2)
FN:329,(anonymous_3)
FN:363,(anonymous_4)
FN:490,(anonymous_5)
FN:562,(anonymous_6)
FN:704,(anonymous_7)
FN:720,(anonymous_8)
FN:744,(anonymous_9)
FN:773,(anonymous_10)
FN:808,(anonymous_11)
FN:842,(anonymous_12)
FN:856,(anonymous_13)
FN:907,(anonymous_14)
FN:911,(anonymous_15)
FN:915,(anonymous_16)
FN:924,(anonymous_17)
FN:930,(anonymous_18)
FN:946,(anonymous_19)
FNF:20
FNH:14
FNDA:1,(anonymous_0)
FNDA:1,(anonymous_1)
FNDA:1,(anonymous_2)
FNDA:1,(anonymous_3)
FNDA:1,(anonymous_4)
FNDA:1,(anonymous_5)
FNDA:1,(anonymous_6)
FNDA:1,(anonymous_7)
FNDA:1,(anonymous_8)
FNDA:1,(anonymous_9)
FNDA:1,(anonymous_10)
FNDA:1,(anonymous_11)
FNDA:0,(anonymous_12)
FNDA:1,(anonymous_13)
FNDA:0,(anonymous_14)
FNDA:0,(anonymous_15)
FNDA:0,(anonymous_16)
FNDA:1,(anonymous_17)
FNDA:0,(anonymous_18)
FNDA:0,(anonymous_19)
DA:4,1
DA:234,1
DA:254,1
DA:257,1
DA:260,1
DA:263,1
DA:264,1
DA:265,1
DA:268,1
DA:269,1
DA:270,1
DA:273,1
DA:276,1
DA:279,1
DA:282,1
DA:285,1
DA:288,1
DA:291,1
DA:292,0
DA:296,1
DA:299,1
DA:300,1
DA:303,0
DA:306,1
DA:308,1
DA:312,1
DA:313,1
DA:314,4
DA:315,4
DA:316,4
DA:317,1
DA:318,1
DA:319,1
DA:320,1
DA:321,1
DA:325,0
DA:326,0
DA:331,1
DA:332,1
DA:333,1
DA:334,0
DA:335,0
DA:336,0
DA:340,1
DA:341,1
DA:342,1
DA:343,0
DA:344,0
DA:345,0
DA:349,1
DA:350,3
DA:351,3
DA:352,1
DA:353,1
DA:354,1
DA:355,0
DA:356,0
DA:360,0
DA:364,1
DA:367,1
DA:368,1
DA:369,1
DA:370,1
DA:371,1
DA:372,1
DA:373,1
DA:378,0
DA:379,0
DA:380,0
DA:381,0
DA:382,0
DA:383,0
DA:384,0
DA:389,0
DA:395,0
DA:396,0
DA:397,0
DA:398,0
DA:399,0
DA:400,0
DA:401,0
DA:407,0
DA:408,0
DA:409,0
DA:410,0
DA:411,0
DA:414,0
DA:416,0
DA:417,0
DA:418,0
DA:419,0
DA:423,0
DA:424,0
DA:425,0
DA:430,0
DA:431,0
DA:432,0
DA:433,0
DA:434,0
DA:435,0
DA:436,0
DA:441,0
DA:442,0
DA:443,0
DA:444,0
DA:445,0
DA:446,0
DA:447,0
DA:452,0
DA:453,0
DA:454,0
DA:455,0
DA:456,0
DA:458,0
DA:459,0
DA:460,0
DA:466,0
DA:467,0
DA:468,0
DA:469,0
DA:470,0
DA:472,0
DA:477,0
DA:478,0
DA:479,0
DA:480,0
DA:481,0
DA:482,0
DA:483,0
DA:487,0
DA:491,1
DA:494,1
DA:495,1
DA:496,1
DA:497,1
DA:498,1
DA:499,1
DA:500,1
DA:501,1
DA:502,1
DA:505,1
DA:506,0
DA:507,0
DA:511,1
DA:512,0
DA:513,0
DA:514,1
DA:515,1
DA:516,1
DA:517,0
DA:519,0
DA:520,0
DA:521,0
DA:530,0
DA:531,0
DA:533,0
DA:534,0
DA:535,0
DA:537,0
DA:539,0
DA:540,0
DA:543,0
DA:544,0
DA:549,0
DA:551,0
DA:552,0
DA:554,0
DA:559,0
DA:563,1
DA:568,1
DA:569,1
DA:571,1
DA:572,0
DA:573,0
DA:576,1
DA:577,0
DA:578,0
DA:582,1
DA:583,1
DA:585,1
DA:586,1
DA:587,1
DA:589,1
DA:590,1
DA:591,1
DA:592,0
DA:593,0
DA:594,0
DA:599,0
DA:600,0
DA:604,0
DA:611,0
DA:615,0
DA:620,0
DA:624,0
DA:625,0
DA:629,0
DA:631,0
DA:635,0
DA:637,0
DA:641,0
DA:642,0
DA:646,0
DA:647,0
DA:651,0
DA:653,0
DA:657,0
DA:659,0
DA:660,0
DA:661,0
DA:662,0
DA:663,0
DA:664,0
DA:665,0
DA:666,0
DA:671,0
DA:672,0
DA:673,0
DA:674,0
DA:675,0
DA:676,0
DA:677,0
DA:678,0
DA:679,0
DA:680,0
DA:681,0
DA:685,0
DA:686,0
DA:689,0
DA:690,0
DA:693,0
DA:694,0
DA:697,0
DA:698,0
DA:701,0
DA:705,1
DA:707,1
DA:708,9
DA:709,9
DA:710,0
DA:711,0
DA:712,0
DA:717,1
DA:721,1
DA:722,3
DA:723,3
DA:724,1
DA:727,1
DA:728,0
DA:729,1
DA:730,0
DA:731,1
DA:732,1
DA:733,0
DA:734,0
DA:735,0
DA:736,0
DA:741,0
DA:745,1
DA:746,1
DA:747,2
DA:748,2
DA:749,2
DA:750,1
DA:751,1
DA:752,0
DA:753,0
DA:754,1
DA:756,0
DA:757,0
DA:758,0
DA:759,0
DA:760,0
DA:761,1
DA:763,1
DA:764,1
DA:765,1
DA:769,0
DA:770,0
DA:774,1
DA:775,1
DA:776,1
DA:777,1
DA:778,1
DA:779,1
DA:780,1
DA:781,1
DA:782,1
DA:783,1
DA:786,1
DA:787,0
DA:788,0
DA:789,1
DA:790,1
DA:791,1
DA:794,0
DA:795,0
DA:796,0
DA:798,0
DA:804,0
DA:805,0
DA:809,1
DA:810,1
DA:811,12
DA:812,12
DA:813,0
DA:814,0
DA:815,0
DA:816,0
DA:817,0
DA:820,0
DA:821,0
DA:824,0
DA:825,0
DA:826,0
DA:829,0
DA:830,0
DA:838,1
DA:839,1
DA:843,0
DA:845,0
DA:846,0
DA:849,0
DA:850,0
DA:853,0
DA:857,1
DA:858,1
DA:859,9
DA:860,9
DA:861,9
DA:862,1
DA:865,1
DA:867,1
DA:870,0
DA:871,0
DA:872,0
DA:876,1
DA:877,1
DA:880,1
DA:881,1
DA:883,1
DA:884,0
DA:885,0
DA:889,1
DA:890,0
DA:891,0
DA:892,1
DA:893,0
DA:894,0
DA:895,1
DA:896,1
DA:897,1
DA:902,0
DA:903,0
DA:908,0
DA:912,0
DA:917,0
DA:919,0
DA:924,1
DA:925,1
DA:926,1
DA:930,1
DA:931,0
DA:945,0
DA:946,0
DA:947,0
DA:948,0
DA:949,0
DA:950,0
DA:953,0
DA:954,0
DA:955,0
DA:956,0
DA:957,0
DA:961,0
DA:962,0
DA:964,0
DA:967,0
LF:378
LH:148
BRDA:291,0,0,0
BRDA:291,0,1,1
BRDA:291,1,0,1
BRDA:291,1,1,0
BRDA:291,1,2,0
BRDA:299,2,0,1
BRDA:299,2,1,0
BRDA:299,3,0,1
BRDA:299,3,1,1
BRDA:319,4,0,1
BRDA:319,4,1,0
BRDA:319,5,0,1
BRDA:319,5,1,1
BRDA:319,5,2,1
BRDA:335,6,0,0
BRDA:335,6,1,0
BRDA:336,7,0,0
BRDA:336,7,1,0
BRDA:344,8,0,0
BRDA:344,8,1,0
BRDA:345,9,0,0
BRDA:345,9,1,0
BRDA:353,10,0,1
BRDA:353,10,1,0
BRDA:353,11,0,1
BRDA:353,11,1,1
BRDA:353,11,2,0
BRDA:353,11,3,0
BRDA:355,12,0,0
BRDA:355,12,1,0
BRDA:355,13,0,0
BRDA:355,13,1,0
BRDA:355,13,2,0
BRDA:355,13,3,0
BRDA:371,14,0,1
BRDA:371,14,1,0
BRDA:371,15,0,1
BRDA:371,15,1,1
BRDA:382,16,0,0
BRDA:382,16,1,0
BRDA:382,17,0,0
BRDA:382,17,1,0
BRDA:400,18,0,0
BRDA:400,18,1,0
BRDA:400,19,0,0
BRDA:400,19,1,0
BRDA:400,19,2,0
BRDA:400,19,3,0
BRDA:414,20,0,0
BRDA:414,20,1,0
BRDA:414,21,0,0
BRDA:414,21,1,0
BRDA:416,22,0,0
BRDA:416,22,1,0
BRDA:418,23,0,0
BRDA:418,23,1,0
BRDA:418,24,0,0
BRDA:418,24,1,0
BRDA:434,25,0,0
BRDA:434,25,1,0
BRDA:435,26,0,0
BRDA:435,26,1,0
BRDA:435,27,0,0
BRDA:435,27,1,0
BRDA:445,28,0,0
BRDA:445,28,1,0
BRDA:445,29,0,0
BRDA:445,29,1,0
BRDA:456,30,0,0
BRDA:456,30,1,0
BRDA:456,31,0,0
BRDA:456,31,1,0
BRDA:459,32,0,0
BRDA:459,32,1,0
BRDA:470,33,0,0
BRDA:470,33,1,0
BRDA:470,34,0,0
BRDA:470,34,1,0
BRDA:482,35,0,0
BRDA:482,35,1,0
BRDA:482,36,0,0
BRDA:482,36,1,0
BRDA:482,36,2,0
BRDA:482,36,3,0
BRDA:500,37,0,1
BRDA:500,37,1,0
BRDA:505,38,0,0
BRDA:505,38,1,1
BRDA:505,39,0,1
BRDA:505,39,1,0
BRDA:505,39,2,0
BRDA:511,40,0,0
BRDA:511,40,1,1
BRDA:514,41,0,1
BRDA:514,41,1,0
BRDA:517,42,0,0
BRDA:517,42,1,0
BRDA:519,43,0,0
BRDA:519,43,1,0
BRDA:519,44,0,0
BRDA:519,44,1,0
BRDA:535,45,0,0
BRDA:535,45,1,0
BRDA:537,46,0,0
BRDA:537,46,1,0
BRDA:537,47,0,0
BRDA:537,47,1,0
BRDA:543,48,0,0
BRDA:543,48,1,0
BRDA:549,49,0,0
BRDA:549,49,1,0
BRDA:549,50,0,0
BRDA:549,50,1,0
BRDA:552,51,0,0
BRDA:552,51,1,0
BRDA:552,52,0,0
BRDA:552,52,1,0
BRDA:571,53,0,0
BRDA:571,53,1,1
BRDA:576,54,0,0
BRDA:576,54,1,1
BRDA:585,55,0,1
BRDA:585,55,1,0
BRDA:585,56,0,1
BRDA:585,56,1,1
BRDA:589,57,0,1
BRDA:589,57,1,0
BRDA:592,58,0,0
BRDA:592,58,1,0
BRDA:599,59,0,0
BRDA:599,59,1,0
BRDA:604,60,0,0
BRDA:604,60,1,0
BRDA:604,61,0,0
BRDA:604,61,1,0
BRDA:604,61,2,0
BRDA:604,61,3,0
BRDA:604,61,4,0
BRDA:604,61,5,0
BRDA:604,61,6,0
BRDA:604,61,7,0
BRDA:604,61,8,0
BRDA:615,62,0,0
BRDA:615,62,1,0
BRDA:615,63,0,0
BRDA:615,63,1,0
BRDA:615,63,2,0
BRDA:615,63,3,0
BRDA:615,63,4,0
BRDA:615,63,5,0
BRDA:624,64,0,0
BRDA:624,64,1,0
BRDA:629,65,0,0
BRDA:629,65,1,0
BRDA:629,66,0,0
BRDA:629,66,1,0
BRDA:635,67,0,0
BRDA:635,67,1,0
BRDA:635,68,0,0
BRDA:635,68,1,0
BRDA:636,69,0,0
BRDA:636,69,1,0
BRDA:641,70,0,0
BRDA:641,70,1,0
BRDA:646,71,0,0
BRDA:646,71,1,0
BRDA:651,72,0,0
BRDA:651,72,1,0
BRDA:651,73,0,0
BRDA:651,73,1,0
BRDA:657,74,0,0
BRDA:657,74,1,0
BRDA:660,75,0,0
BRDA:660,75,1,0
BRDA:662,76,0,0
BRDA:662,76,1,0
BRDA:662,77,0,0
BRDA:662,77,1,0
BRDA:662,77,2,0
BRDA:663,78,0,0
BRDA:663,78,1,0
BRDA:663,79,0,0
BRDA:663,79,1,0
BRDA:663,79,2,0
BRDA:664,80,0,0
BRDA:664,80,1,0
BRDA:665,81,0,0
BRDA:665,81,1,0
BRDA:666,82,0,0
BRDA:666,82,1,0
BRDA:672,83,0,0
BRDA:672,83,1,0
BRDA:674,84,0,0
BRDA:674,84,1,0
BRDA:674,85,0,0
BRDA:674,85,1,0
BRDA:674,85,2,0
BRDA:675,86,0,0
BRDA:675,86,1,0
BRDA:675,87,0,0
BRDA:675,87,1,0
BRDA:676,88,0,0
BRDA:676,88,1,0
BRDA:676,89,0,0
BRDA:676,89,1,0
BRDA:677,90,0,0
BRDA:677,90,1,0
BRDA:678,91,0,0
BRDA:678,91,1,0
BRDA:679,92,0,0
BRDA:679,92,1,0
BRDA:680,93,0,0
BRDA:680,93,1,0
BRDA:680,94,0,0
BRDA:680,94,1,0
BRDA:681,95,0,0
BRDA:681,95,1,0
BRDA:685,96,0,0
BRDA:685,96,1,0
BRDA:689,97,0,0
BRDA:689,97,1,0
BRDA:693,98,0,0
BRDA:693,98,1,0
BRDA:697,99,0,0
BRDA:697,99,1,0
BRDA:711,100,0,0
BRDA:711,100,1,0
BRDA:727,101,0,0
BRDA:727,101,1,1
BRDA:727,102,0,1
BRDA:727,102,1,1
BRDA:727,102,2,1
BRDA:727,102,3,1
BRDA:729,103,0,0
BRDA:729,103,1,1
BRDA:729,104,0,1
BRDA:729,104,1,1
BRDA:729,104,2,1
BRDA:729,104,3,1
BRDA:729,104,4,1
BRDA:731,105,0,1
BRDA:731,105,1,0
BRDA:731,106,0,1
BRDA:731,106,1,0
BRDA:731,106,2,0
BRDA:731,106,3,0
BRDA:731,106,4,0
BRDA:731,106,5,0
BRDA:731,106,6,0
BRDA:733,107,0,0
BRDA:733,107,1,0
BRDA:733,108,0,0
BRDA:733,108,1,0
BRDA:733,108,2,0
BRDA:733,108,3,0
BRDA:733,108,4,0
BRDA:735,109,0,0
BRDA:735,109,1,0
BRDA:735,110,0,0
BRDA:735,110,1,0
BRDA:735,110,2,0
BRDA:735,110,3,0
BRDA:735,110,4,0
BRDA:751,111,0,0
BRDA:751,111,1,1
BRDA:751,112,0,1
BRDA:751,112,1,1
BRDA:754,113,0,0
BRDA:754,113,1,1
BRDA:754,114,0,1
BRDA:754,114,1,1
BRDA:761,115,0,1
BRDA:761,115,1,0
BRDA:781,116,0,1
BRDA:781,116,1,0
BRDA:781,117,0,1
BRDA:781,117,1,1
BRDA:781,117,2,1
BRDA:786,118,0,0
BRDA:786,118,1,1
BRDA:789,119,0,1
BRDA:789,119,1,0
BRDA:794,120,0,0
BRDA:794,120,1,0
BRDA:794,121,0,0
BRDA:794,121,1,0
BRDA:815,122,0,0
BRDA:815,122,1,0
BRDA:815,123,0,0
BRDA:815,123,1,0
BRDA:815,123,2,0
BRDA:825,124,0,0
BRDA:825,124,1,0
BRDA:829,125,0,0
BRDA:829,125,1,0
BRDA:831,126,0,0
BRDA:831,126,1,0
BRDA:833,127,0,0
BRDA:833,127,1,0
BRDA:843,128,0,0
BRDA:843,128,1,0
BRDA:843,129,0,0
BRDA:843,129,1,0
BRDA:849,130,0,0
BRDA:849,130,1,0
BRDA:849,131,0,0
BRDA:849,131,1,0
BRDA:865,132,0,1
BRDA:865,132,1,0
BRDA:871,133,0,0
BRDA:871,133,1,0
BRDA:876,134,0,1
BRDA:876,134,1,0
BRDA:883,135,0,0
BRDA:883,135,1,1
BRDA:883,136,0,1
BRDA:883,136,1,1
BRDA:889,137,0,0
BRDA:889,137,1,1
BRDA:889,138,0,1
BRDA:889,138,1,1
BRDA:889,138,2,1
BRDA:892,139,0,0
BRDA:892,139,1,1
BRDA:892,140,0,1
BRDA:892,140,1,1
BRDA:895,141,0,1
BRDA:895,141,1,0
BRDA:895,142,0,1
BRDA:895,142,1,0
BRDA:955,143,0,0
BRDA:955,143,1,0
BRDA:961,144,0,0
BRDA:961,144,1,0
BRF:334
BRH:66
end_of_record
TN:
SF:src\utils\tableScrollHelper.js
FN:7,initTableScrollHelpers
FN:12,(anonymous_1)
FN:14,(anonymous_2)
FN:19,(anonymous_3)
FN:25,(anonymous_4)
FN:48,(anonymous_5)
FN:55,(anonymous_6)
FN:62,cleanupTableScrollHelpers
FNF:8
FNH:0
FNDA:0,initTableScrollHelpers
FNDA:0,(anonymous_1)
FNDA:0,(anonymous_2)
FNDA:0,(anonymous_3)
FNDA:0,(anonymous_4)
FNDA:0,(anonymous_5)
FNDA:0,(anonymous_6)
FNDA:0,cleanupTableScrollHelpers
DA:9,0
DA:12,0
DA:14,0
DA:15,0
DA:19,0
DA:20,0
DA:21,0
DA:25,0
DA:26,0
DA:28,0
DA:30,0
DA:33,0
DA:35,0
DA:39,0
DA:40,0
DA:41,0
DA:48,0
DA:49,0
DA:50,0
DA:55,0
DA:56,0
DA:63,0
LF:22
LH:0
BRDA:26,0,0,0
BRDA:26,0,1,0
BRDA:28,1,0,0
BRDA:28,1,1,0
BRDA:33,2,0,0
BRDA:33,2,1,0
BRDA:33,3,0,0
BRDA:33,3,1,0
BRDA:33,3,2,0
BRDA:39,4,0,0
BRDA:39,4,1,0
BRDA:49,5,0,0
BRDA:49,5,1,0
BRF:13
BRH:0
end_of_record
TN:
SF:src\utils\test-parser.js
FN:19,(anonymous_0)
FN:29,(anonymous_1)
FN:79,(anonymous_2)
FNF:3
FNH:3
FNDA:5,(anonymous_0)
FNDA:7,(anonymous_1)
FNDA:106,(anonymous_2)
DA:3,1
DA:5,1
DA:6,1
DA:7,1
DA:8,1
DA:9,1
DA:12,1
DA:13,1
DA:14,1
DA:16,1
DA:19,1
DA:20,5
DA:23,3
DA:25,3
DA:29,1
DA:30,7
DA:32,5
DA:79,106
LF:18
LH:18
BRDA:13,0,0,1
BRDA:13,0,1,0
BRDA:20,1,0,2
BRDA:20,1,1,3
BRDA:30,2,0,2
BRDA:30,2,1,5
BRF:6
BRH:5
end_of_record
TN:
SF:src\utils\textAnalyzer.js
FNF:0
FNH:0
LF:0
LH:0
BRF:0
BRH:0
end_of_record
